-------------------------------------------------------------------------------
Test set: com.example.service.VehicleDataConsumerIntegrationTest
-------------------------------------------------------------------------------
Tests run: 1, Failures: 1, Errors: 0, Skipped: 0, Time elapsed: 57.00 s <<< FAILURE! -- in com.example.service.VehicleDataConsumerIntegrationTest
com.example.service.VehicleDataConsumerIntegrationTest.shouldConsumeAndProcessVehicleData -- Time elapsed: 13.38 s <<< FAILURE!
java.lang.AssertionError: Message was not consumed within timeout
	at com.example.service.VehicleDataConsumerIntegrationTest.shouldConsumeAndProcessVehicleData(VehicleDataConsumerIntegrationTest.java:89)
	at java.base/java.lang.reflect.Method.invoke(Method.java:568)
	at java.base/java.util.ArrayList.forEach(ArrayList.java:1511)
	at java.base/java.util.ArrayList.forEach(ArrayList.java:1511)

