<?xml version="1.0" encoding="UTF-8"?>
<testsuite xmlns:xsi="http://www.w3.org/2001/XMLSchema-instance" xsi:noNamespaceSchemaLocation="https://maven.apache.org/surefire/maven-surefire-plugin/xsd/surefire-test-report-3.0.xsd" version="3.0" name="com.example.controller.InsuranceContractControllerTest" time="1.716" tests="4" errors="1" skipped="0" failures="2">
  <properties>
[...]
</properties>
  <testcase name="shouldGetClientContracts" classname="com.example.controller.InsuranceContractControllerTest" time="0.267">
    <failure message="Status expected:&lt;200 OK&gt; but was:&lt;500 INTERNAL_SERVER_ERROR&gt;" type="java.lang.AssertionError"><![CDATA[java.lang.AssertionError: Status expected:<200 OK> but was:<500 INTERNAL_SERVER_ERROR>
	at org.springframework.test.util.AssertionErrors.fail(AssertionErrors.java:59)
	at org.springframework.test.util.AssertionErrors.assertEquals(AssertionErrors.java:122)
	at org.springframework.test.web.reactive.server.StatusAssertions.lambda$assertStatusAndReturn$4(StatusAssertions.java:236)
	at org.springframework.test.web.reactive.server.ExchangeResult.assertWithDiagnostics(ExchangeResult.java:222)
	at org.springframework.test.web.reactive.server.StatusAssertions.assertStatusAndReturn(StatusAssertions.java:236)
	at org.springframework.test.web.reactive.server.StatusAssertions.isOk(StatusAssertions.java:68)
	at com.example.controller.InsuranceContractControllerTest.shouldGetClientContracts(InsuranceContractControllerTest.java:64)
	at java.base/java.lang.reflect.Method.invoke(Method.java:568)
	at java.base/java.util.ArrayList.forEach(ArrayList.java:1511)
	at java.base/java.util.ArrayList.forEach(ArrayList.java:1511)
]]></failure>
    <system-out><![CDATA[2025-02-07T12:08:48.272+01:00  INFO 11480 --- [           main] t.c.s.AnnotationConfigContextLoaderUtils : Could not detect default configuration classes for test class [com.example.controller.InsuranceContractControllerTest]: InsuranceContractControllerTest does not declare any static, non-private, non-final, nested classes annotated with @Configuration.
2025-02-07T12:08:48.352+01:00  INFO 11480 --- [           main] .b.t.c.SpringBootTestContextBootstrapper : Found @SpringBootConfiguration com.example.ReactiveApplication for test class com.example.controller.InsuranceContractControllerTest

  .   ____          _            __ _ _
 /\\ / ___'_ __ _ _(_)_ __  __ _ \ \ \ \
( ( )\___ | '_ | '_| | '_ \/ _` | \ \ \ \
 \\/  ___)| |_)| | | | | || (_| |  ) ) ) )
  '  |____| .__|_| |_|_| |_\__, | / / / /
 =========|_|==============|___/=/_/_/_/
 :: Spring Boot ::                (v3.2.3)

2025-02-07T12:08:48.518+01:00  INFO 11480 --- [           main] c.e.c.InsuranceContractControllerTest    : Starting InsuranceContractControllerTest using Java 17.0.12 with PID 11480 (started by user in C:\Users\user\Documents\taoufik_project\reactive\reactive)
2025-02-07T12:08:48.519+01:00  INFO 11480 --- [           main] c.e.c.InsuranceContractControllerTest    : No active profile set, falling back to 1 default profile: "default"
2025-02-07T12:08:49.360+01:00  INFO 11480 --- [           main] c.e.c.InsuranceContractControllerTest    : Started InsuranceContractControllerTest in 0.994 seconds (process running for 16.824)
2025-02-07T12:08:49.524+01:00 ERROR 11480 --- [     parallel-3] a.w.r.e.AbstractErrorWebExceptionHandler : [1139cd6c]  500 Server Error for HTTP GET "/api/insurance/contracts/client/CLIENT-001"

org.springframework.core.codec.CodecException: Type definition error: [simple type, class java.time.Instant]
	at org.springframework.http.codec.json.AbstractJackson2Encoder.encodeStreamingValue(AbstractJackson2Encoder.java:289) ~[spring-web-6.1.4.jar:6.1.4]
	Suppressed: reactor.core.publisher.FluxOnAssembly$OnAssemblyException: 
Error has been observed at the following site(s):
	*__checkpoint ? Handler com.example.controller.InsuranceContractController#getClientContracts(String) [DispatcherHandler]
	*__checkpoint ? HTTP GET "/api/insurance/contracts/client/CLIENT-001" [ExceptionHandlingWebHandler]
Original Stack Trace:
		at org.springframework.http.codec.json.AbstractJackson2Encoder.encodeStreamingValue(AbstractJackson2Encoder.java:289) ~[spring-web-6.1.4.jar:6.1.4]
		at org.springframework.http.codec.json.AbstractJackson2Encoder.lambda$encode$2(AbstractJackson2Encoder.java:192) ~[spring-web-6.1.4.jar:6.1.4]
		at reactor.core.publisher.FluxMapFuseable$MapFuseableSubscriber.onNext(FluxMapFuseable.java:113) ~[reactor-core-3.6.3.jar:3.6.3]
		at reactor.core.publisher.Operators$ScalarSubscription.request(Operators.java:2571) ~[reactor-core-3.6.3.jar:3.6.3]
		at reactor.core.publisher.FluxMapFuseable$MapFuseableSubscriber.request(FluxMapFuseable.java:171) ~[reactor-core-3.6.3.jar:3.6.3]
		at reactor.core.publisher.Operators$MultiSubscriptionSubscriber.set(Operators.java:2367) ~[reactor-core-3.6.3.jar:3.6.3]
		at reactor.core.publisher.Operators$MultiSubscriptionSubscriber.onSubscribe(Operators.java:2241) ~[reactor-core-3.6.3.jar:3.6.3]
		at reactor.core.publisher.FluxMapFuseable$MapFuseableSubscriber.onSubscribe(FluxMapFuseable.java:96) ~[reactor-core-3.6.3.jar:3.6.3]
		at reactor.core.publisher.FluxJust.subscribe(FluxJust.java:68) ~[reactor-core-3.6.3.jar:3.6.3]
		at reactor.core.publisher.Flux.subscribe(Flux.java:8836) ~[reactor-core-3.6.3.jar:3.6.3]
		at reactor.core.publisher.FluxConcatArray$ConcatArraySubscriber.onComplete(FluxConcatArray.java:260) ~[reactor-core-3.6.3.jar:3.6.3]
		at reactor.core.publisher.FluxConcatArray.subscribe(FluxConcatArray.java:79) ~[reactor-core-3.6.3.jar:3.6.3]
		at reactor.core.publisher.InternalFluxOperator.subscribe(InternalFluxOperator.java:68) ~[reactor-core-3.6.3.jar:3.6.3]
		at reactor.core.publisher.FluxDeferContextual.subscribe(FluxDeferContextual.java:57) ~[reactor-core-3.6.3.jar:3.6.3]
		at org.springframework.http.server.reactive.ChannelSendOperator.subscribe(ChannelSendOperator.java:77) ~[spring-web-6.1.4.jar:6.1.4]
		at reactor.core.publisher.InternalMonoOperator.subscribe(InternalMonoOperator.java:76) ~[reactor-core-3.6.3.jar:3.6.3]
		at reactor.core.publisher.MonoFlatMap$FlatMapMain.onNext(MonoFlatMap.java:165) ~[reactor-core-3.6.3.jar:3.6.3]
		at reactor.core.publisher.FluxOnErrorResume$ResumeSubscriber.onNext(FluxOnErrorResume.java:79) ~[reactor-core-3.6.3.jar:3.6.3]
		at reactor.core.publisher.FluxOnErrorResume$ResumeSubscriber.onNext(FluxOnErrorResume.java:79) ~[reactor-core-3.6.3.jar:3.6.3]
		at reactor.core.publisher.FluxPeek$PeekSubscriber.onNext(FluxPeek.java:200) ~[reactor-core-3.6.3.jar:3.6.3]
		at reactor.core.publisher.MonoIgnoreThen$ThenIgnoreMain.complete(MonoIgnoreThen.java:294) ~[reactor-core-3.6.3.jar:3.6.3]
		at reactor.core.publisher.MonoIgnoreThen$ThenIgnoreMain.onNext(MonoIgnoreThen.java:188) ~[reactor-core-3.6.3.jar:3.6.3]
		at reactor.core.publisher.MonoFlatMap$FlatMapMain.onNext(MonoFlatMap.java:158) ~[reactor-core-3.6.3.jar:3.6.3]
		at reactor.core.publisher.MonoZip$ZipCoordinator.signal(MonoZip.java:297) ~[reactor-core-3.6.3.jar:3.6.3]
		at reactor.core.publisher.MonoZip$ZipInner.onNext(MonoZip.java:478) ~[reactor-core-3.6.3.jar:3.6.3]
		at reactor.core.publisher.MonoPeekTerminal$MonoTerminalPeekSubscriber.onNext(MonoPeekTerminal.java:180) ~[reactor-core-3.6.3.jar:3.6.3]
		at reactor.core.publisher.FluxDefaultIfEmpty$DefaultIfEmptySubscriber.onNext(FluxDefaultIfEmpty.java:122) ~[reactor-core-3.6.3.jar:3.6.3]
		at reactor.core.publisher.FluxSwitchIfEmpty$SwitchIfEmptySubscriber.onNext(FluxSwitchIfEmpty.java:74) ~[reactor-core-3.6.3.jar:3.6.3]
		at reactor.core.publisher.Operators$ScalarSubscription.request(Operators.java:2571) ~[reactor-core-3.6.3.jar:3.6.3]
		at reactor.core.publisher.Operators$MultiSubscriptionSubscriber.set(Operators.java:2367) ~[reactor-core-3.6.3.jar:3.6.3]
		at reactor.core.publisher.Operators$MultiSubscriptionSubscriber.onSubscribe(Operators.java:2241) ~[reactor-core-3.6.3.jar:3.6.3]
		at reactor.core.publisher.FluxFlatMap.trySubscribeScalarMap(FluxFlatMap.java:193) ~[reactor-core-3.6.3.jar:3.6.3]
		at reactor.core.publisher.MonoFlatMap.subscribeOrReturn(MonoFlatMap.java:53) ~[reactor-core-3.6.3.jar:3.6.3]
		at reactor.core.publisher.InternalMonoOperator.subscribe(InternalMonoOperator.java:63) ~[reactor-core-3.6.3.jar:3.6.3]
		at reactor.core.publisher.MonoZip$ZipCoordinator.request(MonoZip.java:220) ~[reactor-core-3.6.3.jar:3.6.3]
		at reactor.core.publisher.MonoFlatMap$FlatMapMain.request(MonoFlatMap.java:194) ~[reactor-core-3.6.3.jar:3.6.3]
		at reactor.core.publisher.MonoIgnoreThen$ThenIgnoreMain.onSubscribe(MonoIgnoreThen.java:135) ~[reactor-core-3.6.3.jar:3.6.3]
		at reactor.core.publisher.MonoFlatMap$FlatMapMain.onSubscribe(MonoFlatMap.java:117) ~[reactor-core-3.6.3.jar:3.6.3]
		at reactor.core.publisher.MonoZip.subscribe(MonoZip.java:129) ~[reactor-core-3.6.3.jar:3.6.3]
		at reactor.core.publisher.InternalMonoOperator.subscribe(InternalMonoOperator.java:76) ~[reactor-core-3.6.3.jar:3.6.3]
		at reactor.core.publisher.MonoDefer.subscribe(MonoDefer.java:53) ~[reactor-core-3.6.3.jar:3.6.3]
		at reactor.core.publisher.MonoIgnoreThen$ThenIgnoreMain.subscribeNext(MonoIgnoreThen.java:241) ~[reactor-core-3.6.3.jar:3.6.3]
		at reactor.core.publisher.MonoIgnoreThen$ThenIgnoreMain.onComplete(MonoIgnoreThen.java:204) ~[reactor-core-3.6.3.jar:3.6.3]
		at reactor.core.publisher.MonoFlatMap$FlatMapMain.onComplete(MonoFlatMap.java:189) ~[reactor-core-3.6.3.jar:3.6.3]
		at reactor.core.publisher.Operators.complete(Operators.java:137) ~[reactor-core-3.6.3.jar:3.6.3]
		at reactor.core.publisher.MonoZip.subscribe(MonoZip.java:121) ~[reactor-core-3.6.3.jar:3.6.3]
		at reactor.core.publisher.Mono.subscribe(Mono.java:4563) ~[reactor-core-3.6.3.jar:3.6.3]
		at reactor.core.publisher.MonoIgnoreThen$ThenIgnoreMain.subscribeNext(MonoIgnoreThen.java:265) ~[reactor-core-3.6.3.jar:3.6.3]
		at reactor.core.publisher.MonoIgnoreThen.subscribe(MonoIgnoreThen.java:51) ~[reactor-core-3.6.3.jar:3.6.3]
		at reactor.core.publisher.InternalMonoOperator.subscribe(InternalMonoOperator.java:76) ~[reactor-core-3.6.3.jar:3.6.3]
		at reactor.core.publisher.MonoFlatMap$FlatMapMain.onNext(MonoFlatMap.java:165) ~[reactor-core-3.6.3.jar:3.6.3]
		at reactor.core.publisher.FluxOnErrorResume$ResumeSubscriber.onNext(FluxOnErrorResume.java:79) ~[reactor-core-3.6.3.jar:3.6.3]
		at reactor.core.publisher.FluxSwitchIfEmpty$SwitchIfEmptySubscriber.onNext(FluxSwitchIfEmpty.java:74) ~[reactor-core-3.6.3.jar:3.6.3]
		at reactor.core.publisher.MonoNext$NextSubscriber.onNext(MonoNext.java:82) ~[reactor-core-3.6.3.jar:3.6.3]
		at reactor.core.publisher.FluxConcatMapNoPrefetch$FluxConcatMapNoPrefetchSubscriber.innerNext(FluxConcatMapNoPrefetch.java:259) ~[reactor-core-3.6.3.jar:3.6.3]
		at reactor.core.publisher.FluxConcatMap$ConcatMapInner.onNext(FluxConcatMap.java:865) ~[reactor-core-3.6.3.jar:3.6.3]
		at reactor.core.publisher.FluxMapFuseable$MapFuseableSubscriber.onNext(FluxMapFuseable.java:129) ~[reactor-core-3.6.3.jar:3.6.3]
		at reactor.core.publisher.MonoPeekTerminal$MonoTerminalPeekSubscriber.onNext(MonoPeekTerminal.java:180) ~[reactor-core-3.6.3.jar:3.6.3]
		at reactor.core.publisher.Operators$ScalarSubscription.request(Operators.java:2571) ~[reactor-core-3.6.3.jar:3.6.3]
		at reactor.core.publisher.MonoPeekTerminal$MonoTerminalPeekSubscriber.request(MonoPeekTerminal.java:139) ~[reactor-core-3.6.3.jar:3.6.3]
		at reactor.core.publisher.FluxMapFuseable$MapFuseableSubscriber.request(FluxMapFuseable.java:171) ~[reactor-core-3.6.3.jar:3.6.3]
		at reactor.core.publisher.Operators$MultiSubscriptionSubscriber.request(Operators.java:2331) ~[reactor-core-3.6.3.jar:3.6.3]
		at reactor.core.publisher.FluxConcatMapNoPrefetch$FluxConcatMapNoPrefetchSubscriber.request(FluxConcatMapNoPrefetch.java:339) ~[reactor-core-3.6.3.jar:3.6.3]
		at reactor.core.publisher.MonoNext$NextSubscriber.request(MonoNext.java:108) ~[reactor-core-3.6.3.jar:3.6.3]
		at reactor.core.publisher.Operators$MultiSubscriptionSubscriber.set(Operators.java:2367) ~[reactor-core-3.6.3.jar:3.6.3]
		at reactor.core.publisher.Operators$MultiSubscriptionSubscriber.onSubscribe(Operators.java:2241) ~[reactor-core-3.6.3.jar:3.6.3]
		at reactor.core.publisher.MonoNext$NextSubscriber.onSubscribe(MonoNext.java:70) ~[reactor-core-3.6.3.jar:3.6.3]
		at reactor.core.publisher.FluxConcatMapNoPrefetch$FluxConcatMapNoPrefetchSubscriber.onSubscribe(FluxConcatMapNoPrefetch.java:164) ~[reactor-core-3.6.3.jar:3.6.3]
		at reactor.core.publisher.FluxIterable.subscribe(FluxIterable.java:201) ~[reactor-core-3.6.3.jar:3.6.3]
		at reactor.core.publisher.FluxIterable.subscribe(FluxIterable.java:83) ~[reactor-core-3.6.3.jar:3.6.3]
		at reactor.core.publisher.InternalMonoOperator.subscribe(InternalMonoOperator.java:76) ~[reactor-core-3.6.3.jar:3.6.3]
		at reactor.core.publisher.MonoDefer.subscribe(MonoDefer.java:53) ~[reactor-core-3.6.3.jar:3.6.3]
		at reactor.core.publisher.Mono.subscribe(Mono.java:4563) ~[reactor-core-3.6.3.jar:3.6.3]
		at reactor.core.publisher.MonoIgnoreThen$ThenIgnoreMain.subscribeNext(MonoIgnoreThen.java:265) ~[reactor-core-3.6.3.jar:3.6.3]
		at reactor.core.publisher.MonoIgnoreThen.subscribe(MonoIgnoreThen.java:51) ~[reactor-core-3.6.3.jar:3.6.3]
		at reactor.core.publisher.Mono.subscribe(Mono.java:4563) ~[reactor-core-3.6.3.jar:3.6.3]
		at reactor.core.publisher.Mono.subscribeWith(Mono.java:4629) ~[reactor-core-3.6.3.jar:3.6.3]
		at reactor.core.publisher.Mono.subscribe(Mono.java:4529) ~[reactor-core-3.6.3.jar:3.6.3]
		at reactor.core.publisher.Mono.subscribe(Mono.java:4465) ~[reactor-core-3.6.3.jar:3.6.3]
		at org.springframework.test.web.reactive.server.HttpHandlerConnector.lambda$doConnect$2(HttpHandlerConnector.java:100) ~[spring-test-6.1.4.jar:6.1.4]
		at org.springframework.mock.http.client.reactive.MockClientHttpRequest.lambda$writeWith$2(MockClientHttpRequest.java:124) ~[spring-test-6.1.4.jar:6.1.4]
		at reactor.core.publisher.MonoDefer.subscribe(MonoDefer.java:45) ~[reactor-core-3.6.3.jar:3.6.3]
		at reactor.core.publisher.Mono.subscribe(Mono.java:4563) ~[reactor-core-3.6.3.jar:3.6.3]
		at reactor.core.publisher.FluxConcatIterable$ConcatIterableSubscriber.onComplete(FluxConcatIterable.java:148) ~[reactor-core-3.6.3.jar:3.6.3]
		at reactor.core.publisher.FluxConcatIterable.subscribe(FluxConcatIterable.java:60) ~[reactor-core-3.6.3.jar:3.6.3]
		at reactor.core.publisher.Mono.subscribe(Mono.java:4563) ~[reactor-core-3.6.3.jar:3.6.3]
		at reactor.core.publisher.Mono.subscribeWith(Mono.java:4629) ~[reactor-core-3.6.3.jar:3.6.3]
		at reactor.core.publisher.Mono.subscribe(Mono.java:4529) ~[reactor-core-3.6.3.jar:3.6.3]
		at reactor.core.publisher.Mono.subscribe(Mono.java:4465) ~[reactor-core-3.6.3.jar:3.6.3]
		at org.springframework.test.web.reactive.server.HttpHandlerConnector.doConnect(HttpHandlerConnector.java:114) ~[spring-test-6.1.4.jar:6.1.4]
		at org.springframework.test.web.reactive.server.HttpHandlerConnector.lambda$connect$0(HttpHandlerConnector.java:81) ~[spring-test-6.1.4.jar:6.1.4]
		at reactor.core.publisher.MonoDefer.subscribe(MonoDefer.java:45) ~[reactor-core-3.6.3.jar:3.6.3]
		at reactor.core.publisher.Mono.subscribe(Mono.java:4563) ~[reactor-core-3.6.3.jar:3.6.3]
		at reactor.core.publisher.MonoSubscribeOn$SubscribeOnSubscriber.run(MonoSubscribeOn.java:126) ~[reactor-core-3.6.3.jar:3.6.3]
		at reactor.core.scheduler.WorkerTask.call(WorkerTask.java:84) ~[reactor-core-3.6.3.jar:3.6.3]
		at reactor.core.scheduler.WorkerTask.call(WorkerTask.java:37) ~[reactor-core-3.6.3.jar:3.6.3]
		at java.base/java.util.concurrent.FutureTask.run(FutureTask.java:264) ~[na:na]
		at java.base/java.util.concurrent.ScheduledThreadPoolExecutor$ScheduledFutureTask.run(ScheduledThreadPoolExecutor.java:304) ~[na:na]
		at java.base/java.util.concurrent.ThreadPoolExecutor.runWorker(ThreadPoolExecutor.java:1136) ~[na:na]
		at java.base/java.util.concurrent.ThreadPoolExecutor$Worker.run(ThreadPoolExecutor.java:635) ~[na:na]
		at java.base/java.lang.Thread.run(Thread.java:842) ~[na:na]
Caused by: com.fasterxml.jackson.databind.exc.InvalidDefinitionException: Java 8 date/time type `java.time.Instant` not supported by default: add Module "com.fasterxml.jackson.datatype:jackson-datatype-jsr310" to enable handling (through reference chain: com.example.model.InsuranceContract["startDate"])
	at com.fasterxml.jackson.databind.exc.InvalidDefinitionException.from(InvalidDefinitionException.java:77) ~[jackson-databind-2.15.4.jar:2.15.4]
	at com.fasterxml.jackson.databind.SerializerProvider.reportBadDefinition(SerializerProvider.java:1308) ~[jackson-databind-2.15.4.jar:2.15.4]
	at com.fasterxml.jackson.databind.ser.impl.UnsupportedTypeSerializer.serialize(UnsupportedTypeSerializer.java:35) ~[jackson-databind-2.15.4.jar:2.15.4]
	at com.fasterxml.jackson.databind.ser.BeanPropertyWriter.serializeAsField(BeanPropertyWriter.java:732) ~[jackson-databind-2.15.4.jar:2.15.4]
	at com.fasterxml.jackson.databind.ser.std.BeanSerializerBase.serializeFields(BeanSerializerBase.java:772) ~[jackson-databind-2.15.4.jar:2.15.4]
	at com.fasterxml.jackson.databind.ser.BeanSerializer.serialize(BeanSerializer.java:178) ~[jackson-databind-2.15.4.jar:2.15.4]
	at com.fasterxml.jackson.databind.ser.DefaultSerializerProvider._serialize(DefaultSerializerProvider.java:479) ~[jackson-databind-2.15.4.jar:2.15.4]
	at com.fasterxml.jackson.databind.ser.DefaultSerializerProvider.serializeValue(DefaultSerializerProvider.java:399) ~[jackson-databind-2.15.4.jar:2.15.4]
	at com.fasterxml.jackson.databind.SequenceWriter.write(SequenceWriter.java:153) ~[jackson-databind-2.15.4.jar:2.15.4]
	at org.springframework.http.codec.json.AbstractJackson2Encoder.encodeStreamingValue(AbstractJackson2Encoder.java:285) ~[spring-web-6.1.4.jar:6.1.4]
	at org.springframework.http.codec.json.AbstractJackson2Encoder.lambda$encode$2(AbstractJackson2Encoder.java:192) ~[spring-web-6.1.4.jar:6.1.4]
	at reactor.core.publisher.FluxMapFuseable$MapFuseableSubscriber.onNext(FluxMapFuseable.java:113) ~[reactor-core-3.6.3.jar:3.6.3]
	at reactor.core.publisher.Operators$ScalarSubscription.request(Operators.java:2571) ~[reactor-core-3.6.3.jar:3.6.3]
	at reactor.core.publisher.FluxMapFuseable$MapFuseableSubscriber.request(FluxMapFuseable.java:171) ~[reactor-core-3.6.3.jar:3.6.3]
	at reactor.core.publisher.Operators$MultiSubscriptionSubscriber.set(Operators.java:2367) ~[reactor-core-3.6.3.jar:3.6.3]
	at reactor.core.publisher.Operators$MultiSubscriptionSubscriber.onSubscribe(Operators.java:2241) ~[reactor-core-3.6.3.jar:3.6.3]
	at reactor.core.publisher.FluxMapFuseable$MapFuseableSubscriber.onSubscribe(FluxMapFuseable.java:96) ~[reactor-core-3.6.3.jar:3.6.3]
	at reactor.core.publisher.FluxJust.subscribe(FluxJust.java:68) ~[reactor-core-3.6.3.jar:3.6.3]
	at reactor.core.publisher.Flux.subscribe(Flux.java:8836) ~[reactor-core-3.6.3.jar:3.6.3]
	at reactor.core.publisher.FluxConcatArray$ConcatArraySubscriber.onComplete(FluxConcatArray.java:260) ~[reactor-core-3.6.3.jar:3.6.3]
	at reactor.core.publisher.FluxConcatArray.subscribe(FluxConcatArray.java:79) ~[reactor-core-3.6.3.jar:3.6.3]
	at reactor.core.publisher.InternalFluxOperator.subscribe(InternalFluxOperator.java:68) ~[reactor-core-3.6.3.jar:3.6.3]
	at reactor.core.publisher.FluxDeferContextual.subscribe(FluxDeferContextual.java:57) ~[reactor-core-3.6.3.jar:3.6.3]
	at org.springframework.http.server.reactive.ChannelSendOperator.subscribe(ChannelSendOperator.java:77) ~[spring-web-6.1.4.jar:6.1.4]
	at reactor.core.publisher.InternalMonoOperator.subscribe(InternalMonoOperator.java:76) ~[reactor-core-3.6.3.jar:3.6.3]
	at reactor.core.publisher.MonoFlatMap$FlatMapMain.onNext(MonoFlatMap.java:165) ~[reactor-core-3.6.3.jar:3.6.3]
	at reactor.core.publisher.FluxOnErrorResume$ResumeSubscriber.onNext(FluxOnErrorResume.java:79) ~[reactor-core-3.6.3.jar:3.6.3]
	at reactor.core.publisher.FluxOnErrorResume$ResumeSubscriber.onNext(FluxOnErrorResume.java:79) ~[reactor-core-3.6.3.jar:3.6.3]
	at reactor.core.publisher.FluxPeek$PeekSubscriber.onNext(FluxPeek.java:200) ~[reactor-core-3.6.3.jar:3.6.3]
	at reactor.core.publisher.MonoIgnoreThen$ThenIgnoreMain.complete(MonoIgnoreThen.java:294) ~[reactor-core-3.6.3.jar:3.6.3]
	at reactor.core.publisher.MonoIgnoreThen$ThenIgnoreMain.onNext(MonoIgnoreThen.java:188) ~[reactor-core-3.6.3.jar:3.6.3]
	at reactor.core.publisher.MonoFlatMap$FlatMapMain.onNext(MonoFlatMap.java:158) ~[reactor-core-3.6.3.jar:3.6.3]
	at reactor.core.publisher.MonoZip$ZipCoordinator.signal(MonoZip.java:297) ~[reactor-core-3.6.3.jar:3.6.3]
	at reactor.core.publisher.MonoZip$ZipInner.onNext(MonoZip.java:478) ~[reactor-core-3.6.3.jar:3.6.3]
	at reactor.core.publisher.MonoPeekTerminal$MonoTerminalPeekSubscriber.onNext(MonoPeekTerminal.java:180) ~[reactor-core-3.6.3.jar:3.6.3]
	at reactor.core.publisher.FluxDefaultIfEmpty$DefaultIfEmptySubscriber.onNext(FluxDefaultIfEmpty.java:122) ~[reactor-core-3.6.3.jar:3.6.3]
	at reactor.core.publisher.FluxSwitchIfEmpty$SwitchIfEmptySubscriber.onNext(FluxSwitchIfEmpty.java:74) ~[reactor-core-3.6.3.jar:3.6.3]
	at reactor.core.publisher.Operators$ScalarSubscription.request(Operators.java:2571) ~[reactor-core-3.6.3.jar:3.6.3]
	at reactor.core.publisher.Operators$MultiSubscriptionSubscriber.set(Operators.java:2367) ~[reactor-core-3.6.3.jar:3.6.3]
	at reactor.core.publisher.Operators$MultiSubscriptionSubscriber.onSubscribe(Operators.java:2241) ~[reactor-core-3.6.3.jar:3.6.3]
	at reactor.core.publisher.FluxFlatMap.trySubscribeScalarMap(FluxFlatMap.java:193) ~[reactor-core-3.6.3.jar:3.6.3]
	at reactor.core.publisher.MonoFlatMap.subscribeOrReturn(MonoFlatMap.java:53) ~[reactor-core-3.6.3.jar:3.6.3]
	at reactor.core.publisher.InternalMonoOperator.subscribe(InternalMonoOperator.java:63) ~[reactor-core-3.6.3.jar:3.6.3]
	at reactor.core.publisher.MonoZip$ZipCoordinator.request(MonoZip.java:220) ~[reactor-core-3.6.3.jar:3.6.3]
	at reactor.core.publisher.MonoFlatMap$FlatMapMain.request(MonoFlatMap.java:194) ~[reactor-core-3.6.3.jar:3.6.3]
	at reactor.core.publisher.MonoIgnoreThen$ThenIgnoreMain.onSubscribe(MonoIgnoreThen.java:135) ~[reactor-core-3.6.3.jar:3.6.3]
	at reactor.core.publisher.MonoFlatMap$FlatMapMain.onSubscribe(MonoFlatMap.java:117) ~[reactor-core-3.6.3.jar:3.6.3]
	at reactor.core.publisher.MonoZip.subscribe(MonoZip.java:129) ~[reactor-core-3.6.3.jar:3.6.3]
	at reactor.core.publisher.InternalMonoOperator.subscribe(InternalMonoOperator.java:76) ~[reactor-core-3.6.3.jar:3.6.3]
	at reactor.core.publisher.MonoDefer.subscribe(MonoDefer.java:53) ~[reactor-core-3.6.3.jar:3.6.3]
	at reactor.core.publisher.MonoIgnoreThen$ThenIgnoreMain.subscribeNext(MonoIgnoreThen.java:241) ~[reactor-core-3.6.3.jar:3.6.3]
	at reactor.core.publisher.MonoIgnoreThen$ThenIgnoreMain.onComplete(MonoIgnoreThen.java:204) ~[reactor-core-3.6.3.jar:3.6.3]
	at reactor.core.publisher.MonoFlatMap$FlatMapMain.onComplete(MonoFlatMap.java:189) ~[reactor-core-3.6.3.jar:3.6.3]
	at reactor.core.publisher.Operators.complete(Operators.java:137) ~[reactor-core-3.6.3.jar:3.6.3]
	at reactor.core.publisher.MonoZip.subscribe(MonoZip.java:121) ~[reactor-core-3.6.3.jar:3.6.3]
	at reactor.core.publisher.Mono.subscribe(Mono.java:4563) ~[reactor-core-3.6.3.jar:3.6.3]
	at reactor.core.publisher.MonoIgnoreThen$ThenIgnoreMain.subscribeNext(MonoIgnoreThen.java:265) ~[reactor-core-3.6.3.jar:3.6.3]
	at reactor.core.publisher.MonoIgnoreThen.subscribe(MonoIgnoreThen.java:51) ~[reactor-core-3.6.3.jar:3.6.3]
	at reactor.core.publisher.InternalMonoOperator.subscribe(InternalMonoOperator.java:76) ~[reactor-core-3.6.3.jar:3.6.3]
	at reactor.core.publisher.MonoFlatMap$FlatMapMain.onNext(MonoFlatMap.java:165) ~[reactor-core-3.6.3.jar:3.6.3]
	at reactor.core.publisher.FluxOnErrorResume$ResumeSubscriber.onNext(FluxOnErrorResume.java:79) ~[reactor-core-3.6.3.jar:3.6.3]
	at reactor.core.publisher.FluxSwitchIfEmpty$SwitchIfEmptySubscriber.onNext(FluxSwitchIfEmpty.java:74) ~[reactor-core-3.6.3.jar:3.6.3]
	at reactor.core.publisher.MonoNext$NextSubscriber.onNext(MonoNext.java:82) ~[reactor-core-3.6.3.jar:3.6.3]
	at reactor.core.publisher.FluxConcatMapNoPrefetch$FluxConcatMapNoPrefetchSubscriber.innerNext(FluxConcatMapNoPrefetch.java:259) ~[reactor-core-3.6.3.jar:3.6.3]
	at reactor.core.publisher.FluxConcatMap$ConcatMapInner.onNext(FluxConcatMap.java:865) ~[reactor-core-3.6.3.jar:3.6.3]
	at reactor.core.publisher.FluxMapFuseable$MapFuseableSubscriber.onNext(FluxMapFuseable.java:129) ~[reactor-core-3.6.3.jar:3.6.3]
	at reactor.core.publisher.MonoPeekTerminal$MonoTerminalPeekSubscriber.onNext(MonoPeekTerminal.java:180) ~[reactor-core-3.6.3.jar:3.6.3]
	at reactor.core.publisher.Operators$ScalarSubscription.request(Operators.java:2571) ~[reactor-core-3.6.3.jar:3.6.3]
	at reactor.core.publisher.MonoPeekTerminal$MonoTerminalPeekSubscriber.request(MonoPeekTerminal.java:139) ~[reactor-core-3.6.3.jar:3.6.3]
	at reactor.core.publisher.FluxMapFuseable$MapFuseableSubscriber.request(FluxMapFuseable.java:171) ~[reactor-core-3.6.3.jar:3.6.3]
	at reactor.core.publisher.Operators$MultiSubscriptionSubscriber.request(Operators.java:2331) ~[reactor-core-3.6.3.jar:3.6.3]
	at reactor.core.publisher.FluxConcatMapNoPrefetch$FluxConcatMapNoPrefetchSubscriber.request(FluxConcatMapNoPrefetch.java:339) ~[reactor-core-3.6.3.jar:3.6.3]
	at reactor.core.publisher.MonoNext$NextSubscriber.request(MonoNext.java:108) ~[reactor-core-3.6.3.jar:3.6.3]
	at reactor.core.publisher.Operators$MultiSubscriptionSubscriber.set(Operators.java:2367) ~[reactor-core-3.6.3.jar:3.6.3]
	at reactor.core.publisher.Operators$MultiSubscriptionSubscriber.onSubscribe(Operators.java:2241) ~[reactor-core-3.6.3.jar:3.6.3]
	at reactor.core.publisher.MonoNext$NextSubscriber.onSubscribe(MonoNext.java:70) ~[reactor-core-3.6.3.jar:3.6.3]
	at reactor.core.publisher.FluxConcatMapNoPrefetch$FluxConcatMapNoPrefetchSubscriber.onSubscribe(FluxConcatMapNoPrefetch.java:164) ~[reactor-core-3.6.3.jar:3.6.3]
	at reactor.core.publisher.FluxIterable.subscribe(FluxIterable.java:201) ~[reactor-core-3.6.3.jar:3.6.3]
	at reactor.core.publisher.FluxIterable.subscribe(FluxIterable.java:83) ~[reactor-core-3.6.3.jar:3.6.3]
	at reactor.core.publisher.InternalMonoOperator.subscribe(InternalMonoOperator.java:76) ~[reactor-core-3.6.3.jar:3.6.3]
	at reactor.core.publisher.MonoDefer.subscribe(MonoDefer.java:53) ~[reactor-core-3.6.3.jar:3.6.3]
	at reactor.core.publisher.Mono.subscribe(Mono.java:4563) ~[reactor-core-3.6.3.jar:3.6.3]
	at reactor.core.publisher.MonoIgnoreThen$ThenIgnoreMain.subscribeNext(MonoIgnoreThen.java:265) ~[reactor-core-3.6.3.jar:3.6.3]
	at reactor.core.publisher.MonoIgnoreThen.subscribe(MonoIgnoreThen.java:51) ~[reactor-core-3.6.3.jar:3.6.3]
	at reactor.core.publisher.Mono.subscribe(Mono.java:4563) ~[reactor-core-3.6.3.jar:3.6.3]
	at reactor.core.publisher.Mono.subscribeWith(Mono.java:4629) ~[reactor-core-3.6.3.jar:3.6.3]
	at reactor.core.publisher.Mono.subscribe(Mono.java:4529) ~[reactor-core-3.6.3.jar:3.6.3]
	at reactor.core.publisher.Mono.subscribe(Mono.java:4465) ~[reactor-core-3.6.3.jar:3.6.3]
	at org.springframework.test.web.reactive.server.HttpHandlerConnector.lambda$doConnect$2(HttpHandlerConnector.java:100) ~[spring-test-6.1.4.jar:6.1.4]
	at org.springframework.mock.http.client.reactive.MockClientHttpRequest.lambda$writeWith$2(MockClientHttpRequest.java:124) ~[spring-test-6.1.4.jar:6.1.4]
	at reactor.core.publisher.MonoDefer.subscribe(MonoDefer.java:45) ~[reactor-core-3.6.3.jar:3.6.3]
	at reactor.core.publisher.Mono.subscribe(Mono.java:4563) ~[reactor-core-3.6.3.jar:3.6.3]
	at reactor.core.publisher.FluxConcatIterable$ConcatIterableSubscriber.onComplete(FluxConcatIterable.java:148) ~[reactor-core-3.6.3.jar:3.6.3]
	at reactor.core.publisher.FluxConcatIterable.subscribe(FluxConcatIterable.java:60) ~[reactor-core-3.6.3.jar:3.6.3]
	at reactor.core.publisher.Mono.subscribe(Mono.java:4563) ~[reactor-core-3.6.3.jar:3.6.3]
	at reactor.core.publisher.Mono.subscribeWith(Mono.java:4629) ~[reactor-core-3.6.3.jar:3.6.3]
	at reactor.core.publisher.Mono.subscribe(Mono.java:4529) ~[reactor-core-3.6.3.jar:3.6.3]
	at reactor.core.publisher.Mono.subscribe(Mono.java:4465) ~[reactor-core-3.6.3.jar:3.6.3]
	at org.springframework.test.web.reactive.server.HttpHandlerConnector.doConnect(HttpHandlerConnector.java:114) ~[spring-test-6.1.4.jar:6.1.4]
	at org.springframework.test.web.reactive.server.HttpHandlerConnector.lambda$connect$0(HttpHandlerConnector.java:81) ~[spring-test-6.1.4.jar:6.1.4]
	at reactor.core.publisher.MonoDefer.subscribe(MonoDefer.java:45) ~[reactor-core-3.6.3.jar:3.6.3]
	at reactor.core.publisher.Mono.subscribe(Mono.java:4563) ~[reactor-core-3.6.3.jar:3.6.3]
	at reactor.core.publisher.MonoSubscribeOn$SubscribeOnSubscriber.run(MonoSubscribeOn.java:126) ~[reactor-core-3.6.3.jar:3.6.3]
	at reactor.core.scheduler.WorkerTask.call(WorkerTask.java:84) ~[reactor-core-3.6.3.jar:3.6.3]
	at reactor.core.scheduler.WorkerTask.call(WorkerTask.java:37) ~[reactor-core-3.6.3.jar:3.6.3]
	at java.base/java.util.concurrent.FutureTask.run(FutureTask.java:264) ~[na:na]
	at java.base/java.util.concurrent.ScheduledThreadPoolExecutor$ScheduledFutureTask.run(ScheduledThreadPoolExecutor.java:304) ~[na:na]
	at java.base/java.util.concurrent.ThreadPoolExecutor.runWorker(ThreadPoolExecutor.java:1136) ~[na:na]
	at java.base/java.util.concurrent.ThreadPoolExecutor$Worker.run(ThreadPoolExecutor.java:635) ~[na:na]
	at java.base/java.lang.Thread.run(Thread.java:842) ~[na:na]

2025-02-07T12:08:49.624+01:00 ERROR 11480 --- [           main] o.s.t.w.reactive.server.ExchangeResult   : Request details for assertion failure:

> GET /api/insurance/contracts/client/CLIENT-001
> WebTestClient-Request-Id: [1]

No content

< 500 INTERNAL_SERVER_ERROR Internal Server Error
< Content-Type: [application/json]
< Content-Length: [147]

{"timestamp":1738926529514,"path":"/api/insurance/contracts/client/CLIENT-001","status":500,"error":"Internal Server Error","requestId":"1139cd6c"}

]]></system-out>
  </testcase>
  <testcase name="shouldReturnNotFoundForInvalidContract" classname="com.example.controller.InsuranceContractControllerTest" time="0.141"/>
  <testcase name="shouldCreateContract" classname="com.example.controller.InsuranceContractControllerTest" time="0.018">
    <error message="Type definition error: [simple type, class java.time.Instant]" type="org.springframework.core.codec.CodecException"><![CDATA[org.springframework.core.codec.CodecException: Type definition error: [simple type, class java.time.Instant]
	at org.springframework.http.codec.json.AbstractJackson2Encoder.encodeValue(AbstractJackson2Encoder.java:256)
	at org.springframework.http.codec.json.AbstractJackson2Encoder.lambda$encode$0(AbstractJackson2Encoder.java:158)
	at reactor.core.publisher.FluxMapFuseable$MapFuseableSubscriber.onNext(FluxMapFuseable.java:113)
	at reactor.core.publisher.Operators$ScalarSubscription.request(Operators.java:2571)
	at reactor.core.publisher.FluxMapFuseable$MapFuseableSubscriber.request(FluxMapFuseable.java:171)
	at reactor.core.publisher.MonoSingle$SingleSubscriber.doOnRequest(MonoSingle.java:103)
	at reactor.core.publisher.Operators$MonoInnerProducerBase.request(Operators.java:2909)
	at reactor.core.publisher.Operators$MultiSubscriptionSubscriber.set(Operators.java:2367)
	at reactor.core.publisher.Operators$MultiSubscriptionSubscriber.onSubscribe(Operators.java:2241)
	at reactor.core.publisher.MonoSingle$SingleSubscriber.onSubscribe(MonoSingle.java:115)
	at reactor.core.publisher.FluxMapFuseable$MapFuseableSubscriber.onSubscribe(FluxMapFuseable.java:96)
	at reactor.core.publisher.MonoJust.subscribe(MonoJust.java:55)
	at reactor.core.publisher.FluxFromMonoOperator.subscribe(FluxFromMonoOperator.java:85)
	at reactor.core.publisher.FluxDeferContextual.subscribe(FluxDeferContextual.java:57)
	at reactor.core.publisher.Mono.subscribe(Mono.java:4563)
	at reactor.core.publisher.Mono.subscribeWith(Mono.java:4629)
	at reactor.core.publisher.Mono.subscribe(Mono.java:4529)
	at reactor.core.publisher.Mono.subscribe(Mono.java:4465)
	at org.springframework.test.web.reactive.server.HttpHandlerConnector.doConnect(HttpHandlerConnector.java:114)
	at org.springframework.test.web.reactive.server.HttpHandlerConnector.lambda$connect$0(HttpHandlerConnector.java:81)
	at reactor.core.publisher.MonoDefer.subscribe(MonoDefer.java:45)
	at reactor.core.publisher.Mono.subscribe(Mono.java:4563)
	at reactor.core.publisher.MonoSubscribeOn$SubscribeOnSubscriber.run(MonoSubscribeOn.java:126)
	at reactor.core.scheduler.WorkerTask.call(WorkerTask.java:84)
	at reactor.core.scheduler.WorkerTask.call(WorkerTask.java:37)
	at java.base/java.util.concurrent.FutureTask.run(FutureTask.java:264)
	at java.base/java.util.concurrent.ScheduledThreadPoolExecutor$ScheduledFutureTask.run(ScheduledThreadPoolExecutor.java:304)
	at java.base/java.util.concurrent.ThreadPoolExecutor.runWorker(ThreadPoolExecutor.java:1136)
	at java.base/java.util.concurrent.ThreadPoolExecutor$Worker.run(ThreadPoolExecutor.java:635)
	at java.base/java.lang.Thread.run(Thread.java:842)
	Suppressed: java.lang.Exception: #block terminated with an error
		at reactor.core.publisher.BlockingSingleSubscriber.blockingGet(BlockingSingleSubscriber.java:144)
		at reactor.core.publisher.Mono.block(Mono.java:1805)
		at org.springframework.test.web.reactive.server.DefaultWebTestClient$DefaultRequestBodyUriSpec.exchange(DefaultWebTestClient.java:358)
		at com.example.controller.InsuranceContractControllerTest.shouldCreateContract(InsuranceContractControllerTest.java:43)
		at java.base/java.lang.reflect.Method.invoke(Method.java:568)
		at java.base/java.util.ArrayList.forEach(ArrayList.java:1511)
		at java.base/java.util.ArrayList.forEach(ArrayList.java:1511)
Caused by: com.fasterxml.jackson.databind.exc.InvalidDefinitionException: Java 8 date/time type `java.time.Instant` not supported by default: add Module "com.fasterxml.jackson.datatype:jackson-datatype-jsr310" to enable handling (through reference chain: com.example.model.InsuranceContract["startDate"])
	at com.fasterxml.jackson.databind.exc.InvalidDefinitionException.from(InvalidDefinitionException.java:77)
	at com.fasterxml.jackson.databind.SerializerProvider.reportBadDefinition(SerializerProvider.java:1308)
	at com.fasterxml.jackson.databind.ser.impl.UnsupportedTypeSerializer.serialize(UnsupportedTypeSerializer.java:35)
	at com.fasterxml.jackson.databind.ser.BeanPropertyWriter.serializeAsField(BeanPropertyWriter.java:732)
	at com.fasterxml.jackson.databind.ser.std.BeanSerializerBase.serializeFields(BeanSerializerBase.java:772)
	at com.fasterxml.jackson.databind.ser.BeanSerializer.serialize(BeanSerializer.java:178)
	at com.fasterxml.jackson.databind.ser.DefaultSerializerProvider._serialize(DefaultSerializerProvider.java:479)
	at com.fasterxml.jackson.databind.ser.DefaultSerializerProvider.serializeValue(DefaultSerializerProvider.java:318)
	at com.fasterxml.jackson.databind.ObjectWriter$Prefetch.serialize(ObjectWriter.java:1572)
	at com.fasterxml.jackson.databind.ObjectWriter.writeValue(ObjectWriter.java:1061)
	at org.springframework.http.codec.json.AbstractJackson2Encoder.encodeValue(AbstractJackson2Encoder.java:252)
	... 29 more
]]></error>
  </testcase>
  <testcase name="shouldUpdatePricing" classname="com.example.controller.InsuranceContractControllerTest" time="0.134">
    <failure message="Status expected:&lt;200 OK&gt; but was:&lt;500 INTERNAL_SERVER_ERROR&gt;" type="java.lang.AssertionError"><![CDATA[java.lang.AssertionError: Status expected:<200 OK> but was:<500 INTERNAL_SERVER_ERROR>
	at org.springframework.test.util.AssertionErrors.fail(AssertionErrors.java:59)
	at org.springframework.test.util.AssertionErrors.assertEquals(AssertionErrors.java:122)
	at org.springframework.test.web.reactive.server.StatusAssertions.lambda$assertStatusAndReturn$4(StatusAssertions.java:236)
	at org.springframework.test.web.reactive.server.ExchangeResult.assertWithDiagnostics(ExchangeResult.java:222)
	at org.springframework.test.web.reactive.server.StatusAssertions.assertStatusAndReturn(StatusAssertions.java:236)
	at org.springframework.test.web.reactive.server.StatusAssertions.isOk(StatusAssertions.java:68)
	at com.example.controller.InsuranceContractControllerTest.shouldUpdatePricing(InsuranceContractControllerTest.java:86)
	at java.base/java.lang.reflect.Method.invoke(Method.java:568)
	at java.base/java.util.ArrayList.forEach(ArrayList.java:1511)
	at java.base/java.util.ArrayList.forEach(ArrayList.java:1511)
]]></failure>
    <system-out><![CDATA[2025-02-07T12:08:49.895+01:00 ERROR 11480 --- [     parallel-2] a.w.r.e.AbstractErrorWebExceptionHandler : [5be73eca]  500 Server Error for HTTP PUT "/api/insurance/contracts/CONTRACT-001/pricing"

org.springframework.core.codec.CodecException: Type definition error: [simple type, class java.time.Instant]
	at org.springframework.http.codec.json.AbstractJackson2Encoder.encodeValue(AbstractJackson2Encoder.java:256) ~[spring-web-6.1.4.jar:6.1.4]
	Suppressed: reactor.core.publisher.FluxOnAssembly$OnAssemblyException: 
Error has been observed at the following site(s):
	*__checkpoint ? Handler com.example.controller.InsuranceContractController#updatePricing(String, VehicleData) [DispatcherHandler]
	*__checkpoint ? HTTP PUT "/api/insurance/contracts/CONTRACT-001/pricing" [ExceptionHandlingWebHandler]
Original Stack Trace:
		at org.springframework.http.codec.json.AbstractJackson2Encoder.encodeValue(AbstractJackson2Encoder.java:256) ~[spring-web-6.1.4.jar:6.1.4]
		at org.springframework.http.codec.json.AbstractJackson2Encoder.lambda$encode$0(AbstractJackson2Encoder.java:158) ~[spring-web-6.1.4.jar:6.1.4]
		at reactor.core.publisher.FluxMapFuseable$MapFuseableSubscriber.onNext(FluxMapFuseable.java:113) ~[reactor-core-3.6.3.jar:3.6.3]
		at reactor.core.publisher.Operators$ScalarSubscription.request(Operators.java:2571) ~[reactor-core-3.6.3.jar:3.6.3]
		at reactor.core.publisher.FluxMapFuseable$MapFuseableSubscriber.request(FluxMapFuseable.java:171) ~[reactor-core-3.6.3.jar:3.6.3]
		at reactor.core.publisher.MonoSingle$SingleSubscriber.doOnRequest(MonoSingle.java:103) ~[reactor-core-3.6.3.jar:3.6.3]
		at reactor.core.publisher.Operators$MonoInnerProducerBase.request(Operators.java:2909) ~[reactor-core-3.6.3.jar:3.6.3]
		at reactor.core.publisher.Operators$MultiSubscriptionSubscriber.set(Operators.java:2367) ~[reactor-core-3.6.3.jar:3.6.3]
		at reactor.core.publisher.Operators$MultiSubscriptionSubscriber.onSubscribe(Operators.java:2241) ~[reactor-core-3.6.3.jar:3.6.3]
		at reactor.core.publisher.MonoSingle$SingleSubscriber.onSubscribe(MonoSingle.java:115) ~[reactor-core-3.6.3.jar:3.6.3]
		at reactor.core.publisher.FluxMapFuseable$MapFuseableSubscriber.onSubscribe(FluxMapFuseable.java:96) ~[reactor-core-3.6.3.jar:3.6.3]
		at reactor.core.publisher.MonoJust.subscribe(MonoJust.java:55) ~[reactor-core-3.6.3.jar:3.6.3]
		at reactor.core.publisher.FluxFromMonoOperator.subscribe(FluxFromMonoOperator.java:85) ~[reactor-core-3.6.3.jar:3.6.3]
		at reactor.core.publisher.FluxDeferContextual.subscribe(FluxDeferContextual.java:57) ~[reactor-core-3.6.3.jar:3.6.3]
		at reactor.core.publisher.InternalMonoOperator.subscribe(InternalMonoOperator.java:76) ~[reactor-core-3.6.3.jar:3.6.3]
		at reactor.core.publisher.MonoFlatMap$FlatMapMain.onNext(MonoFlatMap.java:165) ~[reactor-core-3.6.3.jar:3.6.3]
		at reactor.core.publisher.FluxDefaultIfEmpty$DefaultIfEmptySubscriber.onNext(FluxDefaultIfEmpty.java:122) ~[reactor-core-3.6.3.jar:3.6.3]
		at reactor.core.publisher.FluxMapFuseable$MapFuseableSubscriber.onNext(FluxMapFuseable.java:129) ~[reactor-core-3.6.3.jar:3.6.3]
		at reactor.core.publisher.Operators$ScalarSubscription.request(Operators.java:2571) ~[reactor-core-3.6.3.jar:3.6.3]
		at reactor.core.publisher.FluxMapFuseable$MapFuseableSubscriber.request(FluxMapFuseable.java:171) ~[reactor-core-3.6.3.jar:3.6.3]
		at reactor.core.publisher.FluxDefaultIfEmpty$DefaultIfEmptySubscriber.request(FluxDefaultIfEmpty.java:98) ~[reactor-core-3.6.3.jar:3.6.3]
		at reactor.core.publisher.MonoFlatMap$FlatMapMain.request(MonoFlatMap.java:194) ~[reactor-core-3.6.3.jar:3.6.3]
		at reactor.core.publisher.Operators$MultiSubscriptionSubscriber.set(Operators.java:2367) ~[reactor-core-3.6.3.jar:3.6.3]
		at reactor.core.publisher.FluxOnErrorResume$ResumeSubscriber.onSubscribe(FluxOnErrorResume.java:74) ~[reactor-core-3.6.3.jar:3.6.3]
		at reactor.core.publisher.MonoFlatMap$FlatMapMain.onSubscribe(MonoFlatMap.java:117) ~[reactor-core-3.6.3.jar:3.6.3]
		at reactor.core.publisher.Operators$BaseFluxToMonoOperator.onSubscribe(Operators.java:2051) ~[reactor-core-3.6.3.jar:3.6.3]
		at reactor.core.publisher.FluxMapFuseable$MapFuseableSubscriber.onSubscribe(FluxMapFuseable.java:96) ~[reactor-core-3.6.3.jar:3.6.3]
		at reactor.core.publisher.MonoJust.subscribe(MonoJust.java:55) ~[reactor-core-3.6.3.jar:3.6.3]
		at reactor.core.publisher.InternalMonoOperator.subscribe(InternalMonoOperator.java:76) ~[reactor-core-3.6.3.jar:3.6.3]
		at reactor.core.publisher.MonoFlatMap$FlatMapMain.onNext(MonoFlatMap.java:165) ~[reactor-core-3.6.3.jar:3.6.3]
		at reactor.core.publisher.FluxOnErrorResume$ResumeSubscriber.onNext(FluxOnErrorResume.java:79) ~[reactor-core-3.6.3.jar:3.6.3]
		at reactor.core.publisher.FluxOnErrorResume$ResumeSubscriber.onNext(FluxOnErrorResume.java:79) ~[reactor-core-3.6.3.jar:3.6.3]
		at reactor.core.publisher.FluxPeek$PeekSubscriber.onNext(FluxPeek.java:200) ~[reactor-core-3.6.3.jar:3.6.3]
		at reactor.core.publisher.MonoIgnoreThen$ThenIgnoreMain.complete(MonoIgnoreThen.java:294) ~[reactor-core-3.6.3.jar:3.6.3]
		at reactor.core.publisher.MonoIgnoreThen$ThenIgnoreMain.onNext(MonoIgnoreThen.java:188) ~[reactor-core-3.6.3.jar:3.6.3]
		at reactor.core.publisher.MonoFlatMap$FlatMapMain.onNext(MonoFlatMap.java:158) ~[reactor-core-3.6.3.jar:3.6.3]
		at reactor.core.publisher.MonoZip$ZipCoordinator.signal(MonoZip.java:297) ~[reactor-core-3.6.3.jar:3.6.3]
		at reactor.core.publisher.MonoZip$ZipInner.onNext(MonoZip.java:478) ~[reactor-core-3.6.3.jar:3.6.3]
		at reactor.core.publisher.MonoPeekTerminal$MonoTerminalPeekSubscriber.onNext(MonoPeekTerminal.java:180) ~[reactor-core-3.6.3.jar:3.6.3]
		at reactor.core.publisher.FluxDefaultIfEmpty$DefaultIfEmptySubscriber.onNext(FluxDefaultIfEmpty.java:122) ~[reactor-core-3.6.3.jar:3.6.3]
		at reactor.core.publisher.FluxSwitchIfEmpty$SwitchIfEmptySubscriber.onNext(FluxSwitchIfEmpty.java:74) ~[reactor-core-3.6.3.jar:3.6.3]
		at reactor.core.publisher.FluxOnErrorResume$ResumeSubscriber.onNext(FluxOnErrorResume.java:79) ~[reactor-core-3.6.3.jar:3.6.3]
		at reactor.core.publisher.MonoFlatMap$FlatMapMain.onNext(MonoFlatMap.java:158) ~[reactor-core-3.6.3.jar:3.6.3]
		at reactor.core.publisher.FluxContextWrite$ContextWriteSubscriber.onNext(FluxContextWrite.java:107) ~[reactor-core-3.6.3.jar:3.6.3]
		at reactor.core.publisher.FluxMapFuseable$MapFuseableConditionalSubscriber.onNext(FluxMapFuseable.java:299) ~[reactor-core-3.6.3.jar:3.6.3]
		at reactor.core.publisher.FluxFilterFuseable$FilterFuseableConditionalSubscriber.onNext(FluxFilterFuseable.java:337) ~[reactor-core-3.6.3.jar:3.6.3]
		at reactor.core.publisher.Operators$BaseFluxToMonoOperator.completePossiblyEmpty(Operators.java:2097) ~[reactor-core-3.6.3.jar:3.6.3]
		at reactor.core.publisher.MonoCollect$CollectSubscriber.onComplete(MonoCollect.java:145) ~[reactor-core-3.6.3.jar:3.6.3]
		at reactor.core.publisher.FluxPeekFuseable$PeekFuseableSubscriber.onComplete(FluxPeekFuseable.java:277) ~[reactor-core-3.6.3.jar:3.6.3]
		at reactor.core.publisher.FluxPeekFuseable$PeekFuseableSubscriber.onComplete(FluxPeekFuseable.java:277) ~[reactor-core-3.6.3.jar:3.6.3]
		at reactor.core.publisher.FluxPeekFuseable$PeekFuseableSubscriber.onComplete(FluxPeekFuseable.java:277) ~[reactor-core-3.6.3.jar:3.6.3]
		at reactor.core.publisher.FluxPeekFuseable$PeekFuseableSubscriber.onComplete(FluxPeekFuseable.java:277) ~[reactor-core-3.6.3.jar:3.6.3]
		at reactor.core.publisher.FluxPeekFuseable$PeekFuseableSubscriber.onComplete(FluxPeekFuseable.java:277) ~[reactor-core-3.6.3.jar:3.6.3]
		at reactor.core.publisher.FluxContextWrite$ContextWriteSubscriber.onComplete(FluxContextWrite.java:126) ~[reactor-core-3.6.3.jar:3.6.3]
		at reactor.core.publisher.Operators$ScalarSubscription.request(Operators.java:2573) ~[reactor-core-3.6.3.jar:3.6.3]
		at reactor.core.publisher.FluxContextWrite$ContextWriteSubscriber.request(FluxContextWrite.java:136) ~[reactor-core-3.6.3.jar:3.6.3]
		at reactor.core.publisher.FluxPeekFuseable$PeekFuseableSubscriber.request(FluxPeekFuseable.java:144) ~[reactor-core-3.6.3.jar:3.6.3]
		at reactor.core.publisher.FluxPeekFuseable$PeekFuseableSubscriber.request(FluxPeekFuseable.java:144) ~[reactor-core-3.6.3.jar:3.6.3]
		at reactor.core.publisher.FluxPeekFuseable$PeekFuseableSubscriber.request(FluxPeekFuseable.java:144) ~[reactor-core-3.6.3.jar:3.6.3]
		at reactor.core.publisher.FluxPeekFuseable$PeekFuseableSubscriber.request(FluxPeekFuseable.java:144) ~[reactor-core-3.6.3.jar:3.6.3]
		at reactor.core.publisher.FluxPeekFuseable$PeekFuseableSubscriber.request(FluxPeekFuseable.java:144) ~[reactor-core-3.6.3.jar:3.6.3]
		at reactor.core.publisher.Operators$BaseFluxToMonoOperator.request(Operators.java:2067) ~[reactor-core-3.6.3.jar:3.6.3]
		at reactor.core.publisher.FluxFilterFuseable$FilterFuseableConditionalSubscriber.request(FluxFilterFuseable.java:411) ~[reactor-core-3.6.3.jar:3.6.3]
		at reactor.core.publisher.FluxMapFuseable$MapFuseableConditionalSubscriber.request(FluxMapFuseable.java:360) ~[reactor-core-3.6.3.jar:3.6.3]
		at reactor.core.publisher.FluxContextWrite$ContextWriteSubscriber.request(FluxContextWrite.java:136) ~[reactor-core-3.6.3.jar:3.6.3]
		at reactor.core.publisher.MonoFlatMap$FlatMapMain.request(MonoFlatMap.java:194) ~[reactor-core-3.6.3.jar:3.6.3]
		at reactor.core.publisher.Operators$MultiSubscriptionSubscriber.set(Operators.java:2367) ~[reactor-core-3.6.3.jar:3.6.3]
		at reactor.core.publisher.FluxOnErrorResume$ResumeSubscriber.onSubscribe(FluxOnErrorResume.java:74) ~[reactor-core-3.6.3.jar:3.6.3]
		at reactor.core.publisher.MonoFlatMap$FlatMapMain.onSubscribe(MonoFlatMap.java:117) ~[reactor-core-3.6.3.jar:3.6.3]
		at reactor.core.publisher.FluxContextWrite$ContextWriteSubscriber.onSubscribe(FluxContextWrite.java:101) ~[reactor-core-3.6.3.jar:3.6.3]
		at reactor.core.publisher.FluxMapFuseable$MapFuseableConditionalSubscriber.onSubscribe(FluxMapFuseable.java:265) ~[reactor-core-3.6.3.jar:3.6.3]
		at reactor.core.publisher.FluxFilterFuseable$FilterFuseableConditionalSubscriber.onSubscribe(FluxFilterFuseable.java:305) ~[reactor-core-3.6.3.jar:3.6.3]
		at reactor.core.publisher.Operators$BaseFluxToMonoOperator.onSubscribe(Operators.java:2051) ~[reactor-core-3.6.3.jar:3.6.3]
		at reactor.core.publisher.FluxPeekFuseable$PeekFuseableSubscriber.onSubscribe(FluxPeekFuseable.java:178) ~[reactor-core-3.6.3.jar:3.6.3]
		at reactor.core.publisher.FluxPeekFuseable$PeekFuseableSubscriber.onSubscribe(FluxPeekFuseable.java:178) ~[reactor-core-3.6.3.jar:3.6.3]
		at reactor.core.publisher.FluxPeekFuseable$PeekFuseableSubscriber.onSubscribe(FluxPeekFuseable.java:178) ~[reactor-core-3.6.3.jar:3.6.3]
		at reactor.core.publisher.FluxPeekFuseable$PeekFuseableSubscriber.onSubscribe(FluxPeekFuseable.java:178) ~[reactor-core-3.6.3.jar:3.6.3]
		at reactor.core.publisher.FluxPeekFuseable$PeekFuseableSubscriber.onSubscribe(FluxPeekFuseable.java:178) ~[reactor-core-3.6.3.jar:3.6.3]
		at reactor.core.publisher.FluxContextWrite$ContextWriteSubscriber.onSubscribe(FluxContextWrite.java:101) ~[reactor-core-3.6.3.jar:3.6.3]
		at reactor.core.publisher.MonoJust.subscribe(MonoJust.java:55) ~[reactor-core-3.6.3.jar:3.6.3]
		at reactor.core.publisher.InternalMonoOperator.subscribe(InternalMonoOperator.java:76) ~[reactor-core-3.6.3.jar:3.6.3]
		at reactor.core.publisher.MonoDeferContextual.subscribe(MonoDeferContextual.java:55) ~[reactor-core-3.6.3.jar:3.6.3]
		at reactor.core.publisher.InternalMonoOperator.subscribe(InternalMonoOperator.java:76) ~[reactor-core-3.6.3.jar:3.6.3]
		at reactor.core.publisher.MonoZip$ZipCoordinator.request(MonoZip.java:220) ~[reactor-core-3.6.3.jar:3.6.3]
		at reactor.core.publisher.MonoFlatMap$FlatMapMain.request(MonoFlatMap.java:194) ~[reactor-core-3.6.3.jar:3.6.3]
		at reactor.core.publisher.MonoIgnoreThen$ThenIgnoreMain.onSubscribe(MonoIgnoreThen.java:135) ~[reactor-core-3.6.3.jar:3.6.3]
		at reactor.core.publisher.MonoFlatMap$FlatMapMain.onSubscribe(MonoFlatMap.java:117) ~[reactor-core-3.6.3.jar:3.6.3]
		at reactor.core.publisher.MonoZip.subscribe(MonoZip.java:129) ~[reactor-core-3.6.3.jar:3.6.3]
		at reactor.core.publisher.InternalMonoOperator.subscribe(InternalMonoOperator.java:76) ~[reactor-core-3.6.3.jar:3.6.3]
		at reactor.core.publisher.MonoDefer.subscribe(MonoDefer.java:53) ~[reactor-core-3.6.3.jar:3.6.3]
		at reactor.core.publisher.MonoIgnoreThen$ThenIgnoreMain.subscribeNext(MonoIgnoreThen.java:241) ~[reactor-core-3.6.3.jar:3.6.3]
		at reactor.core.publisher.MonoIgnoreThen$ThenIgnoreMain.onComplete(MonoIgnoreThen.java:204) ~[reactor-core-3.6.3.jar:3.6.3]
		at reactor.core.publisher.MonoFlatMap$FlatMapMain.onComplete(MonoFlatMap.java:189) ~[reactor-core-3.6.3.jar:3.6.3]
		at reactor.core.publisher.Operators.complete(Operators.java:137) ~[reactor-core-3.6.3.jar:3.6.3]
		at reactor.core.publisher.MonoZip.subscribe(MonoZip.java:121) ~[reactor-core-3.6.3.jar:3.6.3]
		at reactor.core.publisher.Mono.subscribe(Mono.java:4563) ~[reactor-core-3.6.3.jar:3.6.3]
		at reactor.core.publisher.MonoIgnoreThen$ThenIgnoreMain.subscribeNext(MonoIgnoreThen.java:265) ~[reactor-core-3.6.3.jar:3.6.3]
		at reactor.core.publisher.MonoIgnoreThen.subscribe(MonoIgnoreThen.java:51) ~[reactor-core-3.6.3.jar:3.6.3]
		at reactor.core.publisher.InternalMonoOperator.subscribe(InternalMonoOperator.java:76) ~[reactor-core-3.6.3.jar:3.6.3]
		at reactor.core.publisher.MonoFlatMap$FlatMapMain.onNext(MonoFlatMap.java:165) ~[reactor-core-3.6.3.jar:3.6.3]
		at reactor.core.publisher.FluxOnErrorResume$ResumeSubscriber.onNext(FluxOnErrorResume.java:79) ~[reactor-core-3.6.3.jar:3.6.3]
		at reactor.core.publisher.FluxSwitchIfEmpty$SwitchIfEmptySubscriber.onNext(FluxSwitchIfEmpty.java:74) ~[reactor-core-3.6.3.jar:3.6.3]
		at reactor.core.publisher.MonoNext$NextSubscriber.onNext(MonoNext.java:82) ~[reactor-core-3.6.3.jar:3.6.3]
		at reactor.core.publisher.FluxConcatMapNoPrefetch$FluxConcatMapNoPrefetchSubscriber.innerNext(FluxConcatMapNoPrefetch.java:259) ~[reactor-core-3.6.3.jar:3.6.3]
		at reactor.core.publisher.FluxConcatMap$ConcatMapInner.onNext(FluxConcatMap.java:865) ~[reactor-core-3.6.3.jar:3.6.3]
		at reactor.core.publisher.FluxMapFuseable$MapFuseableSubscriber.onNext(FluxMapFuseable.java:129) ~[reactor-core-3.6.3.jar:3.6.3]
		at reactor.core.publisher.MonoPeekTerminal$MonoTerminalPeekSubscriber.onNext(MonoPeekTerminal.java:180) ~[reactor-core-3.6.3.jar:3.6.3]
		at reactor.core.publisher.Operators$ScalarSubscription.request(Operators.java:2571) ~[reactor-core-3.6.3.jar:3.6.3]
		at reactor.core.publisher.MonoPeekTerminal$MonoTerminalPeekSubscriber.request(MonoPeekTerminal.java:139) ~[reactor-core-3.6.3.jar:3.6.3]
		at reactor.core.publisher.FluxMapFuseable$MapFuseableSubscriber.request(FluxMapFuseable.java:171) ~[reactor-core-3.6.3.jar:3.6.3]
		at reactor.core.publisher.Operators$MultiSubscriptionSubscriber.request(Operators.java:2331) ~[reactor-core-3.6.3.jar:3.6.3]
		at reactor.core.publisher.FluxConcatMapNoPrefetch$FluxConcatMapNoPrefetchSubscriber.request(FluxConcatMapNoPrefetch.java:339) ~[reactor-core-3.6.3.jar:3.6.3]
		at reactor.core.publisher.MonoNext$NextSubscriber.request(MonoNext.java:108) ~[reactor-core-3.6.3.jar:3.6.3]
		at reactor.core.publisher.Operators$MultiSubscriptionSubscriber.set(Operators.java:2367) ~[reactor-core-3.6.3.jar:3.6.3]
		at reactor.core.publisher.Operators$MultiSubscriptionSubscriber.onSubscribe(Operators.java:2241) ~[reactor-core-3.6.3.jar:3.6.3]
		at reactor.core.publisher.MonoNext$NextSubscriber.onSubscribe(MonoNext.java:70) ~[reactor-core-3.6.3.jar:3.6.3]
		at reactor.core.publisher.FluxConcatMapNoPrefetch$FluxConcatMapNoPrefetchSubscriber.onSubscribe(FluxConcatMapNoPrefetch.java:164) ~[reactor-core-3.6.3.jar:3.6.3]
		at reactor.core.publisher.FluxIterable.subscribe(FluxIterable.java:201) ~[reactor-core-3.6.3.jar:3.6.3]
		at reactor.core.publisher.FluxIterable.subscribe(FluxIterable.java:83) ~[reactor-core-3.6.3.jar:3.6.3]
		at reactor.core.publisher.InternalMonoOperator.subscribe(InternalMonoOperator.java:76) ~[reactor-core-3.6.3.jar:3.6.3]
		at reactor.core.publisher.MonoDefer.subscribe(MonoDefer.java:53) ~[reactor-core-3.6.3.jar:3.6.3]
		at reactor.core.publisher.Mono.subscribe(Mono.java:4563) ~[reactor-core-3.6.3.jar:3.6.3]
		at reactor.core.publisher.MonoIgnoreThen$ThenIgnoreMain.subscribeNext(MonoIgnoreThen.java:265) ~[reactor-core-3.6.3.jar:3.6.3]
		at reactor.core.publisher.MonoIgnoreThen.subscribe(MonoIgnoreThen.java:51) ~[reactor-core-3.6.3.jar:3.6.3]
		at reactor.core.publisher.Mono.subscribe(Mono.java:4563) ~[reactor-core-3.6.3.jar:3.6.3]
		at reactor.core.publisher.Mono.subscribeWith(Mono.java:4629) ~[reactor-core-3.6.3.jar:3.6.3]
		at reactor.core.publisher.Mono.subscribe(Mono.java:4529) ~[reactor-core-3.6.3.jar:3.6.3]
		at reactor.core.publisher.Mono.subscribe(Mono.java:4465) ~[reactor-core-3.6.3.jar:3.6.3]
		at org.springframework.test.web.reactive.server.HttpHandlerConnector.lambda$doConnect$2(HttpHandlerConnector.java:100) ~[spring-test-6.1.4.jar:6.1.4]
		at org.springframework.mock.http.client.reactive.MockClientHttpRequest.lambda$writeWith$2(MockClientHttpRequest.java:124) ~[spring-test-6.1.4.jar:6.1.4]
		at reactor.core.publisher.MonoDefer.subscribe(MonoDefer.java:45) ~[reactor-core-3.6.3.jar:3.6.3]
		at reactor.core.publisher.Mono.subscribe(Mono.java:4563) ~[reactor-core-3.6.3.jar:3.6.3]
		at reactor.core.publisher.FluxConcatIterable$ConcatIterableSubscriber.onComplete(FluxConcatIterable.java:148) ~[reactor-core-3.6.3.jar:3.6.3]
		at reactor.core.publisher.FluxConcatIterable.subscribe(FluxConcatIterable.java:60) ~[reactor-core-3.6.3.jar:3.6.3]
		at reactor.core.publisher.MonoFromFluxOperator.subscribe(MonoFromFluxOperator.java:83) ~[reactor-core-3.6.3.jar:3.6.3]
		at reactor.core.publisher.MonoFlatMap$FlatMapMain.onNext(MonoFlatMap.java:165) ~[reactor-core-3.6.3.jar:3.6.3]
		at reactor.core.publisher.FluxSwitchIfEmpty$SwitchIfEmptySubscriber.onNext(FluxSwitchIfEmpty.java:74) ~[reactor-core-3.6.3.jar:3.6.3]
		at reactor.core.publisher.Operators$MonoInnerProducerBase.complete(Operators.java:2842) ~[reactor-core-3.6.3.jar:3.6.3]
		at reactor.core.publisher.MonoSingle$SingleSubscriber.onComplete(MonoSingle.java:180) ~[reactor-core-3.6.3.jar:3.6.3]
		at reactor.core.publisher.FluxMapFuseable$MapFuseableSubscriber.onComplete(FluxMapFuseable.java:152) ~[reactor-core-3.6.3.jar:3.6.3]
		at reactor.core.publisher.Operators$ScalarSubscription.request(Operators.java:2573) ~[reactor-core-3.6.3.jar:3.6.3]
		at reactor.core.publisher.FluxMapFuseable$MapFuseableSubscriber.request(FluxMapFuseable.java:171) ~[reactor-core-3.6.3.jar:3.6.3]
		at reactor.core.publisher.MonoSingle$SingleSubscriber.doOnRequest(MonoSingle.java:103) ~[reactor-core-3.6.3.jar:3.6.3]
		at reactor.core.publisher.Operators$MonoInnerProducerBase.request(Operators.java:2909) ~[reactor-core-3.6.3.jar:3.6.3]
		at reactor.core.publisher.Operators$MultiSubscriptionSubscriber.set(Operators.java:2367) ~[reactor-core-3.6.3.jar:3.6.3]
		at reactor.core.publisher.Operators$MultiSubscriptionSubscriber.onSubscribe(Operators.java:2241) ~[reactor-core-3.6.3.jar:3.6.3]
		at reactor.core.publisher.MonoSingle$SingleSubscriber.onSubscribe(MonoSingle.java:115) ~[reactor-core-3.6.3.jar:3.6.3]
		at reactor.core.publisher.FluxMapFuseable$MapFuseableSubscriber.onSubscribe(FluxMapFuseable.java:96) ~[reactor-core-3.6.3.jar:3.6.3]
		at reactor.core.publisher.MonoJust.subscribe(MonoJust.java:55) ~[reactor-core-3.6.3.jar:3.6.3]
		at reactor.core.publisher.FluxFromMonoOperator.subscribe(FluxFromMonoOperator.java:85) ~[reactor-core-3.6.3.jar:3.6.3]
		at reactor.core.publisher.FluxDeferContextual.subscribe(FluxDeferContextual.java:57) ~[reactor-core-3.6.3.jar:3.6.3]
		at reactor.core.publisher.Mono.subscribe(Mono.java:4563) ~[reactor-core-3.6.3.jar:3.6.3]
		at reactor.core.publisher.Mono.subscribeWith(Mono.java:4629) ~[reactor-core-3.6.3.jar:3.6.3]
		at reactor.core.publisher.Mono.subscribe(Mono.java:4529) ~[reactor-core-3.6.3.jar:3.6.3]
		at reactor.core.publisher.Mono.subscribe(Mono.java:4465) ~[reactor-core-3.6.3.jar:3.6.3]
		at org.springframework.test.web.reactive.server.HttpHandlerConnector.doConnect(HttpHandlerConnector.java:114) ~[spring-test-6.1.4.jar:6.1.4]
		at org.springframework.test.web.reactive.server.HttpHandlerConnector.lambda$connect$0(HttpHandlerConnector.java:81) ~[spring-test-6.1.4.jar:6.1.4]
		at reactor.core.publisher.MonoDefer.subscribe(MonoDefer.java:45) ~[reactor-core-3.6.3.jar:3.6.3]
		at reactor.core.publisher.Mono.subscribe(Mono.java:4563) ~[reactor-core-3.6.3.jar:3.6.3]
		at reactor.core.publisher.MonoSubscribeOn$SubscribeOnSubscriber.run(MonoSubscribeOn.java:126) ~[reactor-core-3.6.3.jar:3.6.3]
		at reactor.core.scheduler.WorkerTask.call(WorkerTask.java:84) ~[reactor-core-3.6.3.jar:3.6.3]
		at reactor.core.scheduler.WorkerTask.call(WorkerTask.java:37) ~[reactor-core-3.6.3.jar:3.6.3]
		at java.base/java.util.concurrent.FutureTask.run(FutureTask.java:264) ~[na:na]
		at java.base/java.util.concurrent.ScheduledThreadPoolExecutor$ScheduledFutureTask.run(ScheduledThreadPoolExecutor.java:304) ~[na:na]
		at java.base/java.util.concurrent.ThreadPoolExecutor.runWorker(ThreadPoolExecutor.java:1136) ~[na:na]
		at java.base/java.util.concurrent.ThreadPoolExecutor$Worker.run(ThreadPoolExecutor.java:635) ~[na:na]
		at java.base/java.lang.Thread.run(Thread.java:842) ~[na:na]
Caused by: com.fasterxml.jackson.databind.exc.InvalidDefinitionException: Java 8 date/time type `java.time.Instant` not supported by default: add Module "com.fasterxml.jackson.datatype:jackson-datatype-jsr310" to enable handling (through reference chain: com.example.model.InsuranceContract["startDate"])
	at com.fasterxml.jackson.databind.exc.InvalidDefinitionException.from(InvalidDefinitionException.java:77) ~[jackson-databind-2.15.4.jar:2.15.4]
	at com.fasterxml.jackson.databind.SerializerProvider.reportBadDefinition(SerializerProvider.java:1308) ~[jackson-databind-2.15.4.jar:2.15.4]
	at com.fasterxml.jackson.databind.ser.impl.UnsupportedTypeSerializer.serialize(UnsupportedTypeSerializer.java:35) ~[jackson-databind-2.15.4.jar:2.15.4]
	at com.fasterxml.jackson.databind.ser.BeanPropertyWriter.serializeAsField(BeanPropertyWriter.java:732) ~[jackson-databind-2.15.4.jar:2.15.4]
	at com.fasterxml.jackson.databind.ser.std.BeanSerializerBase.serializeFields(BeanSerializerBase.java:772) ~[jackson-databind-2.15.4.jar:2.15.4]
	at com.fasterxml.jackson.databind.ser.BeanSerializer.serialize(BeanSerializer.java:178) ~[jackson-databind-2.15.4.jar:2.15.4]
	at com.fasterxml.jackson.databind.ser.DefaultSerializerProvider._serialize(DefaultSerializerProvider.java:479) ~[jackson-databind-2.15.4.jar:2.15.4]
	at com.fasterxml.jackson.databind.ser.DefaultSerializerProvider.serializeValue(DefaultSerializerProvider.java:318) ~[jackson-databind-2.15.4.jar:2.15.4]
	at com.fasterxml.jackson.databind.ObjectWriter$Prefetch.serialize(ObjectWriter.java:1572) ~[jackson-databind-2.15.4.jar:2.15.4]
	at com.fasterxml.jackson.databind.ObjectWriter.writeValue(ObjectWriter.java:1061) ~[jackson-databind-2.15.4.jar:2.15.4]
	at org.springframework.http.codec.json.AbstractJackson2Encoder.encodeValue(AbstractJackson2Encoder.java:252) ~[spring-web-6.1.4.jar:6.1.4]
	at org.springframework.http.codec.json.AbstractJackson2Encoder.lambda$encode$0(AbstractJackson2Encoder.java:158) ~[spring-web-6.1.4.jar:6.1.4]
	at reactor.core.publisher.FluxMapFuseable$MapFuseableSubscriber.onNext(FluxMapFuseable.java:113) ~[reactor-core-3.6.3.jar:3.6.3]
	at reactor.core.publisher.Operators$ScalarSubscription.request(Operators.java:2571) ~[reactor-core-3.6.3.jar:3.6.3]
	at reactor.core.publisher.FluxMapFuseable$MapFuseableSubscriber.request(FluxMapFuseable.java:171) ~[reactor-core-3.6.3.jar:3.6.3]
	at reactor.core.publisher.MonoSingle$SingleSubscriber.doOnRequest(MonoSingle.java:103) ~[reactor-core-3.6.3.jar:3.6.3]
	at reactor.core.publisher.Operators$MonoInnerProducerBase.request(Operators.java:2909) ~[reactor-core-3.6.3.jar:3.6.3]
	at reactor.core.publisher.Operators$MultiSubscriptionSubscriber.set(Operators.java:2367) ~[reactor-core-3.6.3.jar:3.6.3]
	at reactor.core.publisher.Operators$MultiSubscriptionSubscriber.onSubscribe(Operators.java:2241) ~[reactor-core-3.6.3.jar:3.6.3]
	at reactor.core.publisher.MonoSingle$SingleSubscriber.onSubscribe(MonoSingle.java:115) ~[reactor-core-3.6.3.jar:3.6.3]
	at reactor.core.publisher.FluxMapFuseable$MapFuseableSubscriber.onSubscribe(FluxMapFuseable.java:96) ~[reactor-core-3.6.3.jar:3.6.3]
	at reactor.core.publisher.MonoJust.subscribe(MonoJust.java:55) ~[reactor-core-3.6.3.jar:3.6.3]
	at reactor.core.publisher.FluxFromMonoOperator.subscribe(FluxFromMonoOperator.java:85) ~[reactor-core-3.6.3.jar:3.6.3]
	at reactor.core.publisher.FluxDeferContextual.subscribe(FluxDeferContextual.java:57) ~[reactor-core-3.6.3.jar:3.6.3]
	at reactor.core.publisher.InternalMonoOperator.subscribe(InternalMonoOperator.java:76) ~[reactor-core-3.6.3.jar:3.6.3]
	at reactor.core.publisher.MonoFlatMap$FlatMapMain.onNext(MonoFlatMap.java:165) ~[reactor-core-3.6.3.jar:3.6.3]
	at reactor.core.publisher.FluxDefaultIfEmpty$DefaultIfEmptySubscriber.onNext(FluxDefaultIfEmpty.java:122) ~[reactor-core-3.6.3.jar:3.6.3]
	at reactor.core.publisher.FluxMapFuseable$MapFuseableSubscriber.onNext(FluxMapFuseable.java:129) ~[reactor-core-3.6.3.jar:3.6.3]
	at reactor.core.publisher.Operators$ScalarSubscription.request(Operators.java:2571) ~[reactor-core-3.6.3.jar:3.6.3]
	at reactor.core.publisher.FluxMapFuseable$MapFuseableSubscriber.request(FluxMapFuseable.java:171) ~[reactor-core-3.6.3.jar:3.6.3]
	at reactor.core.publisher.FluxDefaultIfEmpty$DefaultIfEmptySubscriber.request(FluxDefaultIfEmpty.java:98) ~[reactor-core-3.6.3.jar:3.6.3]
	at reactor.core.publisher.MonoFlatMap$FlatMapMain.request(MonoFlatMap.java:194) ~[reactor-core-3.6.3.jar:3.6.3]
	at reactor.core.publisher.FluxOnAssembly$OnAssemblySubscriber.request(FluxOnAssembly.java:649) ~[reactor-core-3.6.3.jar:3.6.3]
	at reactor.core.publisher.Operators$MultiSubscriptionSubscriber.set(Operators.java:2367) ~[reactor-core-3.6.3.jar:3.6.3]
	at reactor.core.publisher.FluxOnErrorResume$ResumeSubscriber.onSubscribe(FluxOnErrorResume.java:74) ~[reactor-core-3.6.3.jar:3.6.3]
	at reactor.core.publisher.FluxOnAssembly$OnAssemblySubscriber.onSubscribe(FluxOnAssembly.java:633) ~[reactor-core-3.6.3.jar:3.6.3]
	at reactor.core.publisher.MonoFlatMap$FlatMapMain.onSubscribe(MonoFlatMap.java:117) ~[reactor-core-3.6.3.jar:3.6.3]
	at reactor.core.publisher.Operators$BaseFluxToMonoOperator.onSubscribe(Operators.java:2051) ~[reactor-core-3.6.3.jar:3.6.3]
	at reactor.core.publisher.FluxMapFuseable$MapFuseableSubscriber.onSubscribe(FluxMapFuseable.java:96) ~[reactor-core-3.6.3.jar:3.6.3]
	at reactor.core.publisher.MonoJust.subscribe(MonoJust.java:55) ~[reactor-core-3.6.3.jar:3.6.3]
	at reactor.core.publisher.InternalMonoOperator.subscribe(InternalMonoOperator.java:76) ~[reactor-core-3.6.3.jar:3.6.3]
	at reactor.core.publisher.MonoFlatMap$FlatMapMain.onNext(MonoFlatMap.java:165) ~[reactor-core-3.6.3.jar:3.6.3]
	at reactor.core.publisher.FluxOnErrorResume$ResumeSubscriber.onNext(FluxOnErrorResume.java:79) ~[reactor-core-3.6.3.jar:3.6.3]
	at reactor.core.publisher.FluxOnErrorResume$ResumeSubscriber.onNext(FluxOnErrorResume.java:79) ~[reactor-core-3.6.3.jar:3.6.3]
	at reactor.core.publisher.FluxPeek$PeekSubscriber.onNext(FluxPeek.java:200) ~[reactor-core-3.6.3.jar:3.6.3]
	at reactor.core.publisher.MonoIgnoreThen$ThenIgnoreMain.complete(MonoIgnoreThen.java:294) ~[reactor-core-3.6.3.jar:3.6.3]
	at reactor.core.publisher.MonoIgnoreThen$ThenIgnoreMain.onNext(MonoIgnoreThen.java:188) ~[reactor-core-3.6.3.jar:3.6.3]
	at reactor.core.publisher.MonoFlatMap$FlatMapMain.onNext(MonoFlatMap.java:158) ~[reactor-core-3.6.3.jar:3.6.3]
	at reactor.core.publisher.MonoZip$ZipCoordinator.signal(MonoZip.java:297) ~[reactor-core-3.6.3.jar:3.6.3]
	at reactor.core.publisher.MonoZip$ZipInner.onNext(MonoZip.java:478) ~[reactor-core-3.6.3.jar:3.6.3]
	at reactor.core.publisher.MonoPeekTerminal$MonoTerminalPeekSubscriber.onNext(MonoPeekTerminal.java:180) ~[reactor-core-3.6.3.jar:3.6.3]
	at reactor.core.publisher.FluxDefaultIfEmpty$DefaultIfEmptySubscriber.onNext(FluxDefaultIfEmpty.java:122) ~[reactor-core-3.6.3.jar:3.6.3]
	at reactor.core.publisher.FluxSwitchIfEmpty$SwitchIfEmptySubscriber.onNext(FluxSwitchIfEmpty.java:74) ~[reactor-core-3.6.3.jar:3.6.3]
	at reactor.core.publisher.FluxOnErrorResume$ResumeSubscriber.onNext(FluxOnErrorResume.java:79) ~[reactor-core-3.6.3.jar:3.6.3]
	at reactor.core.publisher.MonoFlatMap$FlatMapMain.onNext(MonoFlatMap.java:158) ~[reactor-core-3.6.3.jar:3.6.3]
	at reactor.core.publisher.FluxContextWrite$ContextWriteSubscriber.onNext(FluxContextWrite.java:107) ~[reactor-core-3.6.3.jar:3.6.3]
	at reactor.core.publisher.FluxMapFuseable$MapFuseableConditionalSubscriber.onNext(FluxMapFuseable.java:299) ~[reactor-core-3.6.3.jar:3.6.3]
	at reactor.core.publisher.FluxFilterFuseable$FilterFuseableConditionalSubscriber.onNext(FluxFilterFuseable.java:337) ~[reactor-core-3.6.3.jar:3.6.3]
	at reactor.core.publisher.Operators$BaseFluxToMonoOperator.completePossiblyEmpty(Operators.java:2097) ~[reactor-core-3.6.3.jar:3.6.3]
	at reactor.core.publisher.MonoCollect$CollectSubscriber.onComplete(MonoCollect.java:145) ~[reactor-core-3.6.3.jar:3.6.3]
	at reactor.core.publisher.FluxPeekFuseable$PeekFuseableSubscriber.onComplete(FluxPeekFuseable.java:277) ~[reactor-core-3.6.3.jar:3.6.3]
	at reactor.core.publisher.FluxPeekFuseable$PeekFuseableSubscriber.onComplete(FluxPeekFuseable.java:277) ~[reactor-core-3.6.3.jar:3.6.3]
	at reactor.core.publisher.FluxPeekFuseable$PeekFuseableSubscriber.onComplete(FluxPeekFuseable.java:277) ~[reactor-core-3.6.3.jar:3.6.3]
	at reactor.core.publisher.FluxPeekFuseable$PeekFuseableSubscriber.onComplete(FluxPeekFuseable.java:277) ~[reactor-core-3.6.3.jar:3.6.3]
	at reactor.core.publisher.FluxPeekFuseable$PeekFuseableSubscriber.onComplete(FluxPeekFuseable.java:277) ~[reactor-core-3.6.3.jar:3.6.3]
	at reactor.core.publisher.FluxContextWrite$ContextWriteSubscriber.onComplete(FluxContextWrite.java:126) ~[reactor-core-3.6.3.jar:3.6.3]
	at reactor.core.publisher.Operators$ScalarSubscription.request(Operators.java:2573) ~[reactor-core-3.6.3.jar:3.6.3]
	at reactor.core.publisher.FluxContextWrite$ContextWriteSubscriber.request(FluxContextWrite.java:136) ~[reactor-core-3.6.3.jar:3.6.3]
	at reactor.core.publisher.FluxPeekFuseable$PeekFuseableSubscriber.request(FluxPeekFuseable.java:144) ~[reactor-core-3.6.3.jar:3.6.3]
	at reactor.core.publisher.FluxPeekFuseable$PeekFuseableSubscriber.request(FluxPeekFuseable.java:144) ~[reactor-core-3.6.3.jar:3.6.3]
	at reactor.core.publisher.FluxPeekFuseable$PeekFuseableSubscriber.request(FluxPeekFuseable.java:144) ~[reactor-core-3.6.3.jar:3.6.3]
	at reactor.core.publisher.FluxPeekFuseable$PeekFuseableSubscriber.request(FluxPeekFuseable.java:144) ~[reactor-core-3.6.3.jar:3.6.3]
	at reactor.core.publisher.FluxPeekFuseable$PeekFuseableSubscriber.request(FluxPeekFuseable.java:144) ~[reactor-core-3.6.3.jar:3.6.3]
	at reactor.core.publisher.Operators$BaseFluxToMonoOperator.request(Operators.java:2067) ~[reactor-core-3.6.3.jar:3.6.3]
	at reactor.core.publisher.FluxFilterFuseable$FilterFuseableConditionalSubscriber.request(FluxFilterFuseable.java:411) ~[reactor-core-3.6.3.jar:3.6.3]
	at reactor.core.publisher.FluxMapFuseable$MapFuseableConditionalSubscriber.request(FluxMapFuseable.java:360) ~[reactor-core-3.6.3.jar:3.6.3]
	at reactor.core.publisher.FluxContextWrite$ContextWriteSubscriber.request(FluxContextWrite.java:136) ~[reactor-core-3.6.3.jar:3.6.3]
	at reactor.core.publisher.MonoFlatMap$FlatMapMain.request(MonoFlatMap.java:194) ~[reactor-core-3.6.3.jar:3.6.3]
	at reactor.core.publisher.Operators$MultiSubscriptionSubscriber.set(Operators.java:2367) ~[reactor-core-3.6.3.jar:3.6.3]
	at reactor.core.publisher.FluxOnErrorResume$ResumeSubscriber.onSubscribe(FluxOnErrorResume.java:74) ~[reactor-core-3.6.3.jar:3.6.3]
	at reactor.core.publisher.MonoFlatMap$FlatMapMain.onSubscribe(MonoFlatMap.java:117) ~[reactor-core-3.6.3.jar:3.6.3]
	at reactor.core.publisher.FluxContextWrite$ContextWriteSubscriber.onSubscribe(FluxContextWrite.java:101) ~[reactor-core-3.6.3.jar:3.6.3]
	at reactor.core.publisher.FluxMapFuseable$MapFuseableConditionalSubscriber.onSubscribe(FluxMapFuseable.java:265) ~[reactor-core-3.6.3.jar:3.6.3]
	at reactor.core.publisher.FluxFilterFuseable$FilterFuseableConditionalSubscriber.onSubscribe(FluxFilterFuseable.java:305) ~[reactor-core-3.6.3.jar:3.6.3]
	at reactor.core.publisher.Operators$BaseFluxToMonoOperator.onSubscribe(Operators.java:2051) ~[reactor-core-3.6.3.jar:3.6.3]
	at reactor.core.publisher.FluxPeekFuseable$PeekFuseableSubscriber.onSubscribe(FluxPeekFuseable.java:178) ~[reactor-core-3.6.3.jar:3.6.3]
	at reactor.core.publisher.FluxPeekFuseable$PeekFuseableSubscriber.onSubscribe(FluxPeekFuseable.java:178) ~[reactor-core-3.6.3.jar:3.6.3]
	at reactor.core.publisher.FluxPeekFuseable$PeekFuseableSubscriber.onSubscribe(FluxPeekFuseable.java:178) ~[reactor-core-3.6.3.jar:3.6.3]
	at reactor.core.publisher.FluxPeekFuseable$PeekFuseableSubscriber.onSubscribe(FluxPeekFuseable.java:178) ~[reactor-core-3.6.3.jar:3.6.3]
	at reactor.core.publisher.FluxPeekFuseable$PeekFuseableSubscriber.onSubscribe(FluxPeekFuseable.java:178) ~[reactor-core-3.6.3.jar:3.6.3]
	at reactor.core.publisher.FluxContextWrite$ContextWriteSubscriber.onSubscribe(FluxContextWrite.java:101) ~[reactor-core-3.6.3.jar:3.6.3]
	at reactor.core.publisher.MonoJust.subscribe(MonoJust.java:55) ~[reactor-core-3.6.3.jar:3.6.3]
	at reactor.core.publisher.InternalMonoOperator.subscribe(InternalMonoOperator.java:76) ~[reactor-core-3.6.3.jar:3.6.3]
	at reactor.core.publisher.MonoDeferContextual.subscribe(MonoDeferContextual.java:55) ~[reactor-core-3.6.3.jar:3.6.3]
	at reactor.core.publisher.InternalMonoOperator.subscribe(InternalMonoOperator.java:76) ~[reactor-core-3.6.3.jar:3.6.3]
	at reactor.core.publisher.MonoZip$ZipCoordinator.request(MonoZip.java:220) ~[reactor-core-3.6.3.jar:3.6.3]
	at reactor.core.publisher.MonoFlatMap$FlatMapMain.request(MonoFlatMap.java:194) ~[reactor-core-3.6.3.jar:3.6.3]
	at reactor.core.publisher.MonoIgnoreThen$ThenIgnoreMain.onSubscribe(MonoIgnoreThen.java:135) ~[reactor-core-3.6.3.jar:3.6.3]
	at reactor.core.publisher.MonoFlatMap$FlatMapMain.onSubscribe(MonoFlatMap.java:117) ~[reactor-core-3.6.3.jar:3.6.3]
	at reactor.core.publisher.MonoZip.subscribe(MonoZip.java:129) ~[reactor-core-3.6.3.jar:3.6.3]
	at reactor.core.publisher.InternalMonoOperator.subscribe(InternalMonoOperator.java:76) ~[reactor-core-3.6.3.jar:3.6.3]
	at reactor.core.publisher.MonoDefer.subscribe(MonoDefer.java:53) ~[reactor-core-3.6.3.jar:3.6.3]
	at reactor.core.publisher.MonoIgnoreThen$ThenIgnoreMain.subscribeNext(MonoIgnoreThen.java:241) ~[reactor-core-3.6.3.jar:3.6.3]
	at reactor.core.publisher.MonoIgnoreThen$ThenIgnoreMain.onComplete(MonoIgnoreThen.java:204) ~[reactor-core-3.6.3.jar:3.6.3]
	at reactor.core.publisher.MonoFlatMap$FlatMapMain.onComplete(MonoFlatMap.java:189) ~[reactor-core-3.6.3.jar:3.6.3]
	at reactor.core.publisher.Operators.complete(Operators.java:137) ~[reactor-core-3.6.3.jar:3.6.3]
	at reactor.core.publisher.MonoZip.subscribe(MonoZip.java:121) ~[reactor-core-3.6.3.jar:3.6.3]
	at reactor.core.publisher.Mono.subscribe(Mono.java:4563) ~[reactor-core-3.6.3.jar:3.6.3]
	at reactor.core.publisher.MonoIgnoreThen$ThenIgnoreMain.subscribeNext(MonoIgnoreThen.java:265) ~[reactor-core-3.6.3.jar:3.6.3]
	at reactor.core.publisher.MonoIgnoreThen.subscribe(MonoIgnoreThen.java:51) ~[reactor-core-3.6.3.jar:3.6.3]
	at reactor.core.publisher.InternalMonoOperator.subscribe(InternalMonoOperator.java:76) ~[reactor-core-3.6.3.jar:3.6.3]
	at reactor.core.publisher.MonoFlatMap$FlatMapMain.onNext(MonoFlatMap.java:165) ~[reactor-core-3.6.3.jar:3.6.3]
	at reactor.core.publisher.FluxOnErrorResume$ResumeSubscriber.onNext(FluxOnErrorResume.java:79) ~[reactor-core-3.6.3.jar:3.6.3]
	at reactor.core.publisher.FluxSwitchIfEmpty$SwitchIfEmptySubscriber.onNext(FluxSwitchIfEmpty.java:74) ~[reactor-core-3.6.3.jar:3.6.3]
	at reactor.core.publisher.MonoNext$NextSubscriber.onNext(MonoNext.java:82) ~[reactor-core-3.6.3.jar:3.6.3]
	at reactor.core.publisher.FluxConcatMapNoPrefetch$FluxConcatMapNoPrefetchSubscriber.innerNext(FluxConcatMapNoPrefetch.java:259) ~[reactor-core-3.6.3.jar:3.6.3]
	at reactor.core.publisher.FluxConcatMap$ConcatMapInner.onNext(FluxConcatMap.java:865) ~[reactor-core-3.6.3.jar:3.6.3]
	at reactor.core.publisher.FluxMapFuseable$MapFuseableSubscriber.onNext(FluxMapFuseable.java:129) ~[reactor-core-3.6.3.jar:3.6.3]
	at reactor.core.publisher.MonoPeekTerminal$MonoTerminalPeekSubscriber.onNext(MonoPeekTerminal.java:180) ~[reactor-core-3.6.3.jar:3.6.3]
	at reactor.core.publisher.Operators$ScalarSubscription.request(Operators.java:2571) ~[reactor-core-3.6.3.jar:3.6.3]
	at reactor.core.publisher.MonoPeekTerminal$MonoTerminalPeekSubscriber.request(MonoPeekTerminal.java:139) ~[reactor-core-3.6.3.jar:3.6.3]
	at reactor.core.publisher.FluxMapFuseable$MapFuseableSubscriber.request(FluxMapFuseable.java:171) ~[reactor-core-3.6.3.jar:3.6.3]
	at reactor.core.publisher.Operators$MultiSubscriptionSubscriber.request(Operators.java:2331) ~[reactor-core-3.6.3.jar:3.6.3]
	at reactor.core.publisher.FluxConcatMapNoPrefetch$FluxConcatMapNoPrefetchSubscriber.request(FluxConcatMapNoPrefetch.java:339) ~[reactor-core-3.6.3.jar:3.6.3]
	at reactor.core.publisher.MonoNext$NextSubscriber.request(MonoNext.java:108) ~[reactor-core-3.6.3.jar:3.6.3]
	at reactor.core.publisher.Operators$MultiSubscriptionSubscriber.set(Operators.java:2367) ~[reactor-core-3.6.3.jar:3.6.3]
	at reactor.core.publisher.Operators$MultiSubscriptionSubscriber.onSubscribe(Operators.java:2241) ~[reactor-core-3.6.3.jar:3.6.3]
	at reactor.core.publisher.MonoNext$NextSubscriber.onSubscribe(MonoNext.java:70) ~[reactor-core-3.6.3.jar:3.6.3]
	at reactor.core.publisher.FluxConcatMapNoPrefetch$FluxConcatMapNoPrefetchSubscriber.onSubscribe(FluxConcatMapNoPrefetch.java:164) ~[reactor-core-3.6.3.jar:3.6.3]
	at reactor.core.publisher.FluxIterable.subscribe(FluxIterable.java:201) ~[reactor-core-3.6.3.jar:3.6.3]
	at reactor.core.publisher.FluxIterable.subscribe(FluxIterable.java:83) ~[reactor-core-3.6.3.jar:3.6.3]
	at reactor.core.publisher.InternalMonoOperator.subscribe(InternalMonoOperator.java:76) ~[reactor-core-3.6.3.jar:3.6.3]
	at reactor.core.publisher.MonoDefer.subscribe(MonoDefer.java:53) ~[reactor-core-3.6.3.jar:3.6.3]
	at reactor.core.publisher.Mono.subscribe(Mono.java:4563) ~[reactor-core-3.6.3.jar:3.6.3]
	at reactor.core.publisher.MonoIgnoreThen$ThenIgnoreMain.subscribeNext(MonoIgnoreThen.java:265) ~[reactor-core-3.6.3.jar:3.6.3]
	at reactor.core.publisher.MonoIgnoreThen.subscribe(MonoIgnoreThen.java:51) ~[reactor-core-3.6.3.jar:3.6.3]
	at reactor.core.publisher.Mono.subscribe(Mono.java:4563) ~[reactor-core-3.6.3.jar:3.6.3]
	at reactor.core.publisher.Mono.subscribeWith(Mono.java:4629) ~[reactor-core-3.6.3.jar:3.6.3]
	at reactor.core.publisher.Mono.subscribe(Mono.java:4529) ~[reactor-core-3.6.3.jar:3.6.3]
	at reactor.core.publisher.Mono.subscribe(Mono.java:4465) ~[reactor-core-3.6.3.jar:3.6.3]
	at org.springframework.test.web.reactive.server.HttpHandlerConnector.lambda$doConnect$2(HttpHandlerConnector.java:100) ~[spring-test-6.1.4.jar:6.1.4]
	at org.springframework.mock.http.client.reactive.MockClientHttpRequest.lambda$writeWith$2(MockClientHttpRequest.java:124) ~[spring-test-6.1.4.jar:6.1.4]
	at reactor.core.publisher.MonoDefer.subscribe(MonoDefer.java:45) ~[reactor-core-3.6.3.jar:3.6.3]
	at reactor.core.publisher.Mono.subscribe(Mono.java:4563) ~[reactor-core-3.6.3.jar:3.6.3]
	at reactor.core.publisher.FluxConcatIterable$ConcatIterableSubscriber.onComplete(FluxConcatIterable.java:148) ~[reactor-core-3.6.3.jar:3.6.3]
	at reactor.core.publisher.FluxConcatIterable.subscribe(FluxConcatIterable.java:60) ~[reactor-core-3.6.3.jar:3.6.3]
	at reactor.core.publisher.MonoFromFluxOperator.subscribe(MonoFromFluxOperator.java:83) ~[reactor-core-3.6.3.jar:3.6.3]
	at reactor.core.publisher.MonoFlatMap$FlatMapMain.onNext(MonoFlatMap.java:165) ~[reactor-core-3.6.3.jar:3.6.3]
	at reactor.core.publisher.FluxSwitchIfEmpty$SwitchIfEmptySubscriber.onNext(FluxSwitchIfEmpty.java:74) ~[reactor-core-3.6.3.jar:3.6.3]
	at reactor.core.publisher.Operators$MonoInnerProducerBase.complete(Operators.java:2842) ~[reactor-core-3.6.3.jar:3.6.3]
	at reactor.core.publisher.MonoSingle$SingleSubscriber.onComplete(MonoSingle.java:180) ~[reactor-core-3.6.3.jar:3.6.3]
	at reactor.core.publisher.FluxMapFuseable$MapFuseableSubscriber.onComplete(FluxMapFuseable.java:152) ~[reactor-core-3.6.3.jar:3.6.3]
	at reactor.core.publisher.Operators$ScalarSubscription.request(Operators.java:2573) ~[reactor-core-3.6.3.jar:3.6.3]
	at reactor.core.publisher.FluxMapFuseable$MapFuseableSubscriber.request(FluxMapFuseable.java:171) ~[reactor-core-3.6.3.jar:3.6.3]
	at reactor.core.publisher.MonoSingle$SingleSubscriber.doOnRequest(MonoSingle.java:103) ~[reactor-core-3.6.3.jar:3.6.3]
	at reactor.core.publisher.Operators$MonoInnerProducerBase.request(Operators.java:2909) ~[reactor-core-3.6.3.jar:3.6.3]
	at reactor.core.publisher.Operators$MultiSubscriptionSubscriber.set(Operators.java:2367) ~[reactor-core-3.6.3.jar:3.6.3]
	at reactor.core.publisher.Operators$MultiSubscriptionSubscriber.onSubscribe(Operators.java:2241) ~[reactor-core-3.6.3.jar:3.6.3]
	at reactor.core.publisher.MonoSingle$SingleSubscriber.onSubscribe(MonoSingle.java:115) ~[reactor-core-3.6.3.jar:3.6.3]
	at reactor.core.publisher.FluxMapFuseable$MapFuseableSubscriber.onSubscribe(FluxMapFuseable.java:96) ~[reactor-core-3.6.3.jar:3.6.3]
	at reactor.core.publisher.MonoJust.subscribe(MonoJust.java:55) ~[reactor-core-3.6.3.jar:3.6.3]
	at reactor.core.publisher.FluxFromMonoOperator.subscribe(FluxFromMonoOperator.java:85) ~[reactor-core-3.6.3.jar:3.6.3]
	at reactor.core.publisher.FluxDeferContextual.subscribe(FluxDeferContextual.java:57) ~[reactor-core-3.6.3.jar:3.6.3]
	at reactor.core.publisher.Mono.subscribe(Mono.java:4563) ~[reactor-core-3.6.3.jar:3.6.3]
	at reactor.core.publisher.Mono.subscribeWith(Mono.java:4629) ~[reactor-core-3.6.3.jar:3.6.3]
	at reactor.core.publisher.Mono.subscribe(Mono.java:4529) ~[reactor-core-3.6.3.jar:3.6.3]
	at reactor.core.publisher.Mono.subscribe(Mono.java:4465) ~[reactor-core-3.6.3.jar:3.6.3]
	at org.springframework.test.web.reactive.server.HttpHandlerConnector.doConnect(HttpHandlerConnector.java:114) ~[spring-test-6.1.4.jar:6.1.4]
	at org.springframework.test.web.reactive.server.HttpHandlerConnector.lambda$connect$0(HttpHandlerConnector.java:81) ~[spring-test-6.1.4.jar:6.1.4]
	at reactor.core.publisher.MonoDefer.subscribe(MonoDefer.java:45) ~[reactor-core-3.6.3.jar:3.6.3]
	at reactor.core.publisher.Mono.subscribe(Mono.java:4563) ~[reactor-core-3.6.3.jar:3.6.3]
	at reactor.core.publisher.MonoSubscribeOn$SubscribeOnSubscriber.run(MonoSubscribeOn.java:126) ~[reactor-core-3.6.3.jar:3.6.3]
	at reactor.core.scheduler.WorkerTask.call(WorkerTask.java:84) ~[reactor-core-3.6.3.jar:3.6.3]
	at reactor.core.scheduler.WorkerTask.call(WorkerTask.java:37) ~[reactor-core-3.6.3.jar:3.6.3]
	at java.base/java.util.concurrent.FutureTask.run(FutureTask.java:264) ~[na:na]
	at java.base/java.util.concurrent.ScheduledThreadPoolExecutor$ScheduledFutureTask.run(ScheduledThreadPoolExecutor.java:304) ~[na:na]
	at java.base/java.util.concurrent.ThreadPoolExecutor.runWorker(ThreadPoolExecutor.java:1136) ~[na:na]
	at java.base/java.util.concurrent.ThreadPoolExecutor$Worker.run(ThreadPoolExecutor.java:635) ~[na:na]
	at java.base/java.lang.Thread.run(Thread.java:842) ~[na:na]

2025-02-07T12:08:49.915+01:00 ERROR 11480 --- [           main] o.s.t.w.reactive.server.ExchangeResult   : Request details for assertion failure:

> PUT /api/insurance/contracts/CONTRACT-001/pricing
> WebTestClient-Request-Id: [4]
> Content-Type: [application/json]
> Content-Length: [395]

{"id":null,"contractId":"CONTRACT-001","riskAssessment":null,"data":{"speed":{"value":120.0,"unit":"km/h"},"rpm":{"value":3500.0,"unit":"rpm"},"timestamp":1738926529841,"THROTTLE_POS":{"value":75.0,"unit":"%"},"FUEL_LEVEL":null,"MAF":null,"ENGINE_LOAD":{"value":80.0,"unit":"%"},"FUEL_RATE":null,"INTAKE_PRESSURE":null,"ACCELERATOR_POS_D":null,"BAROMETRIC_PRESSURE":null},"vehicle_id":"VEH-001"}

< 500 INTERNAL_SERVER_ERROR Internal Server Error
< Content-Type: [application/json]
< Content-Length: [150]

{"timestamp":1738926529894,"path":"/api/insurance/contracts/CONTRACT-001/pricing","status":500,"error":"Internal Server Error","requestId":"5be73eca"}

]]></system-out>
  </testcase>
</testsuite>