<?xml version="1.0" encoding="UTF-8"?>
<testsuite xmlns:xsi="http://www.w3.org/2001/XMLSchema-instance" xsi:noNamespaceSchemaLocation="https://maven.apache.org/surefire/maven-surefire-plugin/xsd/surefire-test-report-3.0.xsd" version="3.0" name="com.example.service.VehicleDataConsumerIntegrationTest" time="56.996" tests="1" errors="0" skipped="0" failures="1">
  <properties>
[...]
</properties>
  <testcase name="shouldConsumeAndProcessVehicleData" classname="com.example.service.VehicleDataConsumerIntegrationTest" time="13.384">
    <failure message="Message was not consumed within timeout" type="java.lang.AssertionError"><![CDATA[java.lang.AssertionError: Message was not consumed within timeout
	at com.example.service.VehicleDataConsumerIntegrationTest.shouldConsumeAndProcessVehicleData(VehicleDataConsumerIntegrationTest.java:89)
	at java.base/java.lang.reflect.Method.invoke(Method.java:568)
	at java.base/java.util.ArrayList.forEach(ArrayList.java:1511)
	at java.base/java.util.ArrayList.forEach(ArrayList.java:1511)
]]></failure>
    <system-out><![CDATA[2025-02-07T15:09:26.023+01:00  INFO 20876 --- [           main] t.c.s.AnnotationConfigContextLoaderUtils : Could not detect default configuration classes for test class [com.example.service.VehicleDataConsumerIntegrationTest]: VehicleDataConsumerIntegrationTest does not declare any static, non-private, non-final, nested classes annotated with @Configuration.
2025-02-07T15:09:26.139+01:00  INFO 20876 --- [           main] .b.t.c.SpringBootTestContextBootstrapper : Found @SpringBootConfiguration com.example.ReactiveApplication for test class com.example.service.VehicleDataConsumerIntegrationTest
2025-02-07T15:09:26.318+01:00  INFO 20876 --- [           main] org.testcontainers.images.PullPolicy     : Image pull policy will be performed by: DefaultPullPolicy()
2025-02-07T15:09:26.336+01:00  INFO 20876 --- [           main] o.t.utility.ImageNameSubstitutor         : Image name substitution will be performed by: DefaultImageNameSubstitutor (composite of 'ConfigurationFileImageNameSubstitutor' and 'PrefixingImageNameSubstitutor')
2025-02-07T15:09:27.193+01:00  INFO 20876 --- [           main] o.t.d.DockerClientProviderStrategy       : Loaded org.testcontainers.dockerclient.NpipeSocketClientProviderStrategy from ~/.testcontainers.properties, will try it first
2025-02-07T15:09:28.514+01:00  INFO 20876 --- [           main] o.t.d.DockerClientProviderStrategy       : Found Docker environment with local Npipe socket (npipe:////./pipe/docker_engine)
2025-02-07T15:09:28.527+01:00  INFO 20876 --- [           main] org.testcontainers.DockerClientFactory   : Docker host IP address is localhost
2025-02-07T15:09:28.595+01:00  INFO 20876 --- [           main] org.testcontainers.DockerClientFactory   : Connected to docker: 
  Server Version: 27.3.1
  API Version: 1.47
  Operating System: Docker Desktop
  Total Memory: 7884 MB
2025-02-07T15:09:29.173+01:00  INFO 20876 --- [           main] tc.testcontainers/ryuk:0.6.0             : Creating container for image: testcontainers/ryuk:0.6.0
2025-02-07T15:09:30.131+01:00  INFO 20876 --- [           main] tc.testcontainers/ryuk:0.6.0             : Container testcontainers/ryuk:0.6.0 is starting: ce71dcc6776565991608cd5e2d9da7ea297f3451a2b3d928ffd606ae78ec8edc
2025-02-07T15:09:31.626+01:00  INFO 20876 --- [           main] tc.testcontainers/ryuk:0.6.0             : Container testcontainers/ryuk:0.6.0 started in PT2.4538572S
2025-02-07T15:09:31.643+01:00  INFO 20876 --- [           main] o.t.utility.RyukResourceReaper           : Ryuk started - will monitor and terminate Testcontainers containers on JVM exit
2025-02-07T15:09:31.643+01:00  INFO 20876 --- [           main] org.testcontainers.DockerClientFactory   : Checking the system...
2025-02-07T15:09:31.645+01:00  INFO 20876 --- [           main] org.testcontainers.DockerClientFactory   : ?? Docker server version should be at least 1.6.0
2025-02-07T15:09:31.647+01:00  INFO 20876 --- [           main] tc.wurstmeister/zookeeper:latest         : Creating container for image: wurstmeister/zookeeper:latest
2025-02-07T15:09:32.525+01:00  INFO 20876 --- [           main] tc.wurstmeister/zookeeper:latest         : Container wurstmeister/zookeeper:latest is starting: 046cf7792bdb5c165bc1a724623d3b723e6ccb7712895816ae0f6a2bd50f16ae
2025-02-07T15:09:35.665+01:00  INFO 20876 --- [           main] tc.wurstmeister/zookeeper:latest         : Container wurstmeister/zookeeper:latest started in PT4.0180553S
2025-02-07T15:09:35.670+01:00  INFO 20876 --- [           main] tc.wurstmeister/kafka:latest             : Creating container for image: wurstmeister/kafka:latest
2025-02-07T15:09:36.122+01:00  INFO 20876 --- [           main] tc.wurstmeister/kafka:latest             : Container wurstmeister/kafka:latest is starting: 3d6c60f012c64237475b2ace1e7f0107b6747c32993cea484c500186caa0277a
2025-02-07T15:09:52.060+01:00  INFO 20876 --- [           main] tc.wurstmeister/kafka:latest             : Container wurstmeister/kafka:latest started in PT16.3900865S

  .   ____          _            __ _ _
 /\\ / ___'_ __ _ _(_)_ __  __ _ \ \ \ \
( ( )\___ | '_ | '_| | '_ \/ _` | \ \ \ \
 \\/  ___)| |_)| | | | | || (_| |  ) ) ) )
  '  |____| .__|_| |_|_| |_\__, | / / / /
 =========|_|==============|___/=/_/_/_/
 :: Spring Boot ::                (v3.2.3)

2025-02-07T15:09:52.472+01:00  INFO 20876 --- [           main] c.e.s.VehicleDataConsumerIntegrationTest : Starting VehicleDataConsumerIntegrationTest using Java 17.0.12 with PID 20876 (started by user in C:\Users\user\Documents\taoufik_project\reactive\reactive)
2025-02-07T15:09:52.474+01:00  INFO 20876 --- [           main] c.e.s.VehicleDataConsumerIntegrationTest : The following 1 profile is active: "test"
2025-02-07T15:09:55.101+01:00  INFO 20876 --- [           main] .s.d.r.c.RepositoryConfigurationDelegate : Bootstrapping Spring Data Reactive MongoDB repositories in DEFAULT mode.
2025-02-07T15:09:55.303+01:00  INFO 20876 --- [           main] .s.d.r.c.RepositoryConfigurationDelegate : Finished Spring Data repository scanning in 173 ms. Found 5 Reactive MongoDB repository interfaces.
2025-02-07T15:09:55.659+01:00  INFO 20876 --- [           main] faultConfiguringBeanFactoryPostProcessor : No bean named 'errorChannel' has been explicitly defined. Therefore, a default PublishSubscribeChannel will be created.
2025-02-07T15:09:55.697+01:00  INFO 20876 --- [           main] faultConfiguringBeanFactoryPostProcessor : No bean named 'integrationHeaderChannelRegistry' has been explicitly defined. Therefore, a default DefaultHeaderChannelRegistry will be created.
2025-02-07T15:09:57.512+01:00  INFO 20876 --- [           main] org.mongodb.driver.client                : MongoClient with metadata {"driver": {"name": "mongo-java-driver|reactive-streams|spring-boot", "version": "4.11.1"}, "os": {"type": "Windows", "name": "Windows 10", "architecture": "amd64", "version": "10.0"}, "platform": "Java/Oracle Corporation/17.0.12+8-LTS-286"} created with settings MongoClientSettings{readPreference=primary, writeConcern=WriteConcern{w=null, wTimeout=null ms, journal=null}, retryWrites=true, retryReads=true, readConcern=ReadConcern{level=null}, credential=null, transportSettings=NettyTransportSettings{eventLoopGroup=io.netty.channel.nio.NioEventLoopGroup@51751265, socketChannelClass=null, allocator=null, sslContext=null}, streamFactoryFactory=null, commandListeners=[], codecRegistry=ProvidersCodecRegistry{codecProviders=[ValueCodecProvider{}, BsonValueCodecProvider{}, DBRefCodecProvider{}, DBObjectCodecProvider{}, DocumentCodecProvider{}, CollectionCodecProvider{}, IterableCodecProvider{}, MapCodecProvider{}, GeoJsonCodecProvider{}, GridFSFileCodecProvider{}, Jsr310CodecProvider{}, JsonObjectCodecProvider{}, BsonCodecProvider{}, EnumCodecProvider{}, com.mongodb.client.model.mql.ExpressionCodecProvider@7f59f4e4, com.mongodb.Jep395RecordCodecProvider@5295a774, com.mongodb.KotlinCodecProvider@3e09067]}, loggerSettings=LoggerSettings{maxDocumentLength=1000}, clusterSettings={hosts=[localhost:27017], srvServiceName=mongodb, mode=SINGLE, requiredClusterType=UNKNOWN, requiredReplicaSetName='null', serverSelector='null', clusterListeners='[]', serverSelectionTimeout='30000 ms', localThreshold='15 ms'}, socketSettings=SocketSettings{connectTimeoutMS=10000, readTimeoutMS=0, receiveBufferSize=0, proxySettings=ProxySettings{host=null, port=null, username=null, password=null}}, heartbeatSocketSettings=SocketSettings{connectTimeoutMS=10000, readTimeoutMS=10000, receiveBufferSize=0, proxySettings=ProxySettings{host=null, port=null, username=null, password=null}}, connectionPoolSettings=ConnectionPoolSettings{maxSize=100, minSize=0, maxWaitTimeMS=120000, maxConnectionLifeTimeMS=0, maxConnectionIdleTimeMS=0, maintenanceInitialDelayMS=0, maintenanceFrequencyMS=60000, connectionPoolListeners=[], maxConnecting=2}, serverSettings=ServerSettings{heartbeatFrequencyMS=10000, minHeartbeatFrequencyMS=500, serverListeners='[]', serverMonitorListeners='[]'}, sslSettings=SslSettings{enabled=false, invalidHostNameAllowed=false, context=null}, applicationName='null', compressorList=[], uuidRepresentation=JAVA_LEGACY, serverApi=null, autoEncryptionSettings=null, dnsClient=null, inetAddressResolver=null, contextProvider=null}
2025-02-07T15:09:58.315+01:00  INFO 20876 --- [localhost:27017] org.mongodb.driver.cluster               : Monitor thread successfully connected to server with description ServerDescription{address=localhost:27017, type=STANDALONE, state=CONNECTED, ok=true, minWireVersion=0, maxWireVersion=25, maxDocumentSize=16777216, logicalSessionTimeoutMinutes=30, roundTripTimeNanos=316732400}
2025-02-07T15:10:06.388+01:00  INFO 20876 --- [           main] o.s.i.endpoint.EventDrivenConsumer       : Adding {logging-channel-adapter:_org.springframework.integration.errorLogger} as a subscriber to the 'errorChannel' channel
2025-02-07T15:10:06.390+01:00  INFO 20876 --- [           main] o.s.i.channel.PublishSubscribeChannel    : Channel 'application.errorChannel' has 1 subscriber(s).
2025-02-07T15:10:06.391+01:00  INFO 20876 --- [           main] o.s.i.endpoint.EventDrivenConsumer       : started bean '_org.springframework.integration.errorLogger'
2025-02-07T15:10:06.449+01:00  INFO 20876 --- [           main] c.e.s.VehicleDataConsumerIntegrationTest : Started VehicleDataConsumerIntegrationTest in 14.358 seconds (process running for 67.089)
2025-02-07T15:10:07.993+01:00  INFO 20876 --- [           main] o.a.k.clients.consumer.ConsumerConfig    : ConsumerConfig values: 
	allow.auto.create.topics = true
	auto.commit.interval.ms = 5000
	auto.include.jmx.reporter = true
	auto.offset.reset = earliest
	bootstrap.servers = [localhost:55856]
	check.crcs = true
	client.dns.lookup = use_all_dns_ips
	client.id = consumer-test-group-1
	client.rack = 
	connections.max.idle.ms = 540000
	default.api.timeout.ms = 60000
	enable.auto.commit = false
	exclude.internal.topics = true
	fetch.max.bytes = 52428800
	fetch.max.wait.ms = 500
	fetch.min.bytes = 1
	group.id = test-group
	group.instance.id = null
	heartbeat.interval.ms = 3000
	interceptor.classes = []
	internal.leave.group.on.close = true
	internal.throw.on.fetch.stable.offset.unsupported = false
	isolation.level = read_uncommitted
	key.deserializer = class org.apache.kafka.common.serialization.StringDeserializer
	max.partition.fetch.bytes = 1048576
	max.poll.interval.ms = 300000
	max.poll.records = 500
	metadata.max.age.ms = 300000
	metric.reporters = []
	metrics.num.samples = 2
	metrics.recording.level = INFO
	metrics.sample.window.ms = 30000
	partition.assignment.strategy = [class org.apache.kafka.clients.consumer.RangeAssignor, class org.apache.kafka.clients.consumer.CooperativeStickyAssignor]
	receive.buffer.bytes = 65536
	reconnect.backoff.max.ms = 1000
	reconnect.backoff.ms = 50
	request.timeout.ms = 30000
	retry.backoff.ms = 100
	sasl.client.callback.handler.class = null
	sasl.jaas.config = null
	sasl.kerberos.kinit.cmd = /usr/bin/kinit
	sasl.kerberos.min.time.before.relogin = 60000
	sasl.kerberos.service.name = null
	sasl.kerberos.ticket.renew.jitter = 0.05
	sasl.kerberos.ticket.renew.window.factor = 0.8
	sasl.login.callback.handler.class = null
	sasl.login.class = null
	sasl.login.connect.timeout.ms = null
	sasl.login.read.timeout.ms = null
	sasl.login.refresh.buffer.seconds = 300
	sasl.login.refresh.min.period.seconds = 60
	sasl.login.refresh.window.factor = 0.8
	sasl.login.refresh.window.jitter = 0.05
	sasl.login.retry.backoff.max.ms = 10000
	sasl.login.retry.backoff.ms = 100
	sasl.mechanism = GSSAPI
	sasl.oauthbearer.clock.skew.seconds = 30
	sasl.oauthbearer.expected.audience = null
	sasl.oauthbearer.expected.issuer = null
	sasl.oauthbearer.jwks.endpoint.refresh.ms = 3600000
	sasl.oauthbearer.jwks.endpoint.retry.backoff.max.ms = 10000
	sasl.oauthbearer.jwks.endpoint.retry.backoff.ms = 100
	sasl.oauthbearer.jwks.endpoint.url = null
	sasl.oauthbearer.scope.claim.name = scope
	sasl.oauthbearer.sub.claim.name = sub
	sasl.oauthbearer.token.endpoint.url = null
	security.protocol = PLAINTEXT
	security.providers = null
	send.buffer.bytes = 131072
	session.timeout.ms = 45000
	socket.connection.setup.timeout.max.ms = 30000
	socket.connection.setup.timeout.ms = 10000
	ssl.cipher.suites = null
	ssl.enabled.protocols = [TLSv1.2, TLSv1.3]
	ssl.endpoint.identification.algorithm = https
	ssl.engine.factory.class = null
	ssl.key.password = null
	ssl.keymanager.algorithm = SunX509
	ssl.keystore.certificate.chain = null
	ssl.keystore.key = null
	ssl.keystore.location = null
	ssl.keystore.password = null
	ssl.keystore.type = JKS
	ssl.protocol = TLSv1.3
	ssl.provider = null
	ssl.secure.random.implementation = null
	ssl.trustmanager.algorithm = PKIX
	ssl.truststore.certificates = null
	ssl.truststore.location = null
	ssl.truststore.password = null
	ssl.truststore.type = JKS
	value.deserializer = class org.apache.kafka.common.serialization.StringDeserializer

2025-02-07T15:10:08.723+01:00  INFO 20876 --- [           main] o.a.kafka.common.utils.AppInfoParser     : Kafka version: 3.6.1
2025-02-07T15:10:08.725+01:00  INFO 20876 --- [           main] o.a.kafka.common.utils.AppInfoParser     : Kafka commitId: 5e3c2b738d253ff5
2025-02-07T15:10:08.727+01:00  INFO 20876 --- [           main] o.a.kafka.common.utils.AppInfoParser     : Kafka startTimeMs: 1738937408719
2025-02-07T15:10:08.766+01:00  INFO 20876 --- [ka-test-group-1] o.a.k.clients.consumer.KafkaConsumer     : [Consumer clientId=consumer-test-group-1, groupId=test-group] Subscribed to topic(s): vehicle-data
2025-02-07T15:10:10.120+01:00  INFO 20876 --- [ka-test-group-1] org.apache.kafka.clients.Metadata        : [Consumer clientId=consumer-test-group-1, groupId=test-group] Cluster ID: xl2DVY1eR7qC4g1Ithv4Hg
2025-02-07T15:10:10.333+01:00  INFO 20876 --- [ka-test-group-1] org.apache.kafka.clients.Metadata        : [Consumer clientId=consumer-test-group-1, groupId=test-group] Resetting the last seen epoch of partition vehicle-data-0 to 0 since the associated topicId changed from 4VAkVDFaQjyNsiyuT9N3NQ to Q3h-O7HmTs6Y7zg4EQIBNw
2025-02-07T15:10:10.334+01:00  INFO 20876 --- [ka-test-group-1] org.apache.kafka.clients.Metadata        : [Consumer clientId=consumer-test-group-1, groupId=test-group] Cluster ID: GGLNQ6VIQfCi7VStN408qA
2025-02-07T15:10:10.342+01:00  INFO 20876 --- [ka-test-group-1] o.a.k.c.c.internals.ConsumerCoordinator  : [Consumer clientId=consumer-test-group-1, groupId=test-group] Discovered group coordinator localhost:9092 (id: 2147482646 rack: null)
2025-02-07T15:10:10.348+01:00  INFO 20876 --- [ka-test-group-1] o.a.k.c.c.internals.ConsumerCoordinator  : [Consumer clientId=consumer-test-group-1, groupId=test-group] (Re-)joining group
2025-02-07T15:10:10.400+01:00  INFO 20876 --- [ka-test-group-1] o.a.k.c.c.internals.ConsumerCoordinator  : [Consumer clientId=consumer-test-group-1, groupId=test-group] Request joining group due to: need to re-join with the given member-id: consumer-test-group-1-b3e6b0e4-1a0e-48de-8460-6c4e6f7744f5
2025-02-07T15:10:10.401+01:00  INFO 20876 --- [ka-test-group-1] o.a.k.c.c.internals.ConsumerCoordinator  : [Consumer clientId=consumer-test-group-1, groupId=test-group] Request joining group due to: rebalance failed due to 'The group member needs to have a valid member id before actually entering a consumer group.' (MemberIdRequiredException)
2025-02-07T15:10:10.402+01:00  INFO 20876 --- [ka-test-group-1] o.a.k.c.c.internals.ConsumerCoordinator  : [Consumer clientId=consumer-test-group-1, groupId=test-group] (Re-)joining group
2025-02-07T15:10:10.435+01:00  INFO 20876 --- [ka-test-group-1] o.a.k.c.c.internals.ConsumerCoordinator  : [Consumer clientId=consumer-test-group-1, groupId=test-group] Successfully joined group with generation Generation{generationId=33, memberId='consumer-test-group-1-b3e6b0e4-1a0e-48de-8460-6c4e6f7744f5', protocol='range'}
2025-02-07T15:10:10.456+01:00  INFO 20876 --- [ka-test-group-1] o.a.k.c.c.internals.ConsumerCoordinator  : [Consumer clientId=consumer-test-group-1, groupId=test-group] Finished assignment for group at generation 33: {consumer-test-group-1-b3e6b0e4-1a0e-48de-8460-6c4e6f7744f5=Assignment(partitions=[vehicle-data-0])}
2025-02-07T15:10:10.480+01:00  INFO 20876 --- [ka-test-group-1] o.a.k.c.c.internals.ConsumerCoordinator  : [Consumer clientId=consumer-test-group-1, groupId=test-group] Successfully synced group in generation Generation{generationId=33, memberId='consumer-test-group-1-b3e6b0e4-1a0e-48de-8460-6c4e6f7744f5', protocol='range'}
2025-02-07T15:10:10.481+01:00  INFO 20876 --- [ka-test-group-1] o.a.k.c.c.internals.ConsumerCoordinator  : [Consumer clientId=consumer-test-group-1, groupId=test-group] Notifying assignor about the new Assignment(partitions=[vehicle-data-0])
2025-02-07T15:10:10.491+01:00  INFO 20876 --- [ka-test-group-1] o.a.k.c.c.internals.ConsumerCoordinator  : [Consumer clientId=consumer-test-group-1, groupId=test-group] Adding newly assigned partitions: vehicle-data-0
2025-02-07T15:10:10.519+01:00  INFO 20876 --- [ka-test-group-1] o.a.k.c.c.internals.ConsumerCoordinator  : [Consumer clientId=consumer-test-group-1, groupId=test-group] Setting offset for partition vehicle-data-0 to the committed offset FetchPosition{offset=1, offsetEpoch=Optional.empty, currentLeader=LeaderAndEpoch{leader=Optional[localhost:9092 (id: 1001 rack: null)], epoch=0}}
2025-02-07T15:10:10.839+01:00  INFO 20876 --- [           main] o.a.k.clients.producer.ProducerConfig    : ProducerConfig values: 
	acks = -1
	auto.include.jmx.reporter = true
	batch.size = 16384
	bootstrap.servers = [localhost:55856]
	buffer.memory = 33554432
	client.dns.lookup = use_all_dns_ips
	client.id = producer-1
	compression.type = none
	connections.max.idle.ms = 540000
	delivery.timeout.ms = 120000
	enable.idempotence = true
	interceptor.classes = []
	key.serializer = class org.apache.kafka.common.serialization.StringSerializer
	linger.ms = 0
	max.block.ms = 60000
	max.in.flight.requests.per.connection = 5
	max.request.size = 1048576
	metadata.max.age.ms = 300000
	metadata.max.idle.ms = 300000
	metric.reporters = []
	metrics.num.samples = 2
	metrics.recording.level = INFO
	metrics.sample.window.ms = 30000
	partitioner.adaptive.partitioning.enable = true
	partitioner.availability.timeout.ms = 0
	partitioner.class = null
	partitioner.ignore.keys = false
	receive.buffer.bytes = 32768
	reconnect.backoff.max.ms = 1000
	reconnect.backoff.ms = 50
	request.timeout.ms = 30000
	retries = 2147483647
	retry.backoff.ms = 100
	sasl.client.callback.handler.class = null
	sasl.jaas.config = null
	sasl.kerberos.kinit.cmd = /usr/bin/kinit
	sasl.kerberos.min.time.before.relogin = 60000
	sasl.kerberos.service.name = null
	sasl.kerberos.ticket.renew.jitter = 0.05
	sasl.kerberos.ticket.renew.window.factor = 0.8
	sasl.login.callback.handler.class = null
	sasl.login.class = null
	sasl.login.connect.timeout.ms = null
	sasl.login.read.timeout.ms = null
	sasl.login.refresh.buffer.seconds = 300
	sasl.login.refresh.min.period.seconds = 60
	sasl.login.refresh.window.factor = 0.8
	sasl.login.refresh.window.jitter = 0.05
	sasl.login.retry.backoff.max.ms = 10000
	sasl.login.retry.backoff.ms = 100
	sasl.mechanism = GSSAPI
	sasl.oauthbearer.clock.skew.seconds = 30
	sasl.oauthbearer.expected.audience = null
	sasl.oauthbearer.expected.issuer = null
	sasl.oauthbearer.jwks.endpoint.refresh.ms = 3600000
	sasl.oauthbearer.jwks.endpoint.retry.backoff.max.ms = 10000
	sasl.oauthbearer.jwks.endpoint.retry.backoff.ms = 100
	sasl.oauthbearer.jwks.endpoint.url = null
	sasl.oauthbearer.scope.claim.name = scope
	sasl.oauthbearer.sub.claim.name = sub
	sasl.oauthbearer.token.endpoint.url = null
	security.protocol = PLAINTEXT
	security.providers = null
	send.buffer.bytes = 131072
	socket.connection.setup.timeout.max.ms = 30000
	socket.connection.setup.timeout.ms = 10000
	ssl.cipher.suites = null
	ssl.enabled.protocols = [TLSv1.2, TLSv1.3]
	ssl.endpoint.identification.algorithm = https
	ssl.engine.factory.class = null
	ssl.key.password = null
	ssl.keymanager.algorithm = SunX509
	ssl.keystore.certificate.chain = null
	ssl.keystore.key = null
	ssl.keystore.location = null
	ssl.keystore.password = null
	ssl.keystore.type = JKS
	ssl.protocol = TLSv1.3
	ssl.provider = null
	ssl.secure.random.implementation = null
	ssl.trustmanager.algorithm = PKIX
	ssl.truststore.certificates = null
	ssl.truststore.location = null
	ssl.truststore.password = null
	ssl.truststore.type = JKS
	transaction.timeout.ms = 60000
	transactional.id = null
	value.serializer = class org.apache.kafka.common.serialization.StringSerializer

2025-02-07T15:10:10.875+01:00  INFO 20876 --- [           main] o.a.k.clients.producer.KafkaProducer     : [Producer clientId=producer-1] Instantiated an idempotent producer.
2025-02-07T15:10:10.927+01:00  INFO 20876 --- [           main] o.a.kafka.common.utils.AppInfoParser     : Kafka version: 3.6.1
2025-02-07T15:10:10.927+01:00  INFO 20876 --- [           main] o.a.kafka.common.utils.AppInfoParser     : Kafka commitId: 5e3c2b738d253ff5
2025-02-07T15:10:10.928+01:00  INFO 20876 --- [           main] o.a.kafka.common.utils.AppInfoParser     : Kafka startTimeMs: 1738937410927
2025-02-07T15:10:10.984+01:00  INFO 20876 --- [ad | producer-1] org.apache.kafka.clients.Metadata        : [Producer clientId=producer-1] Cluster ID: xl2DVY1eR7qC4g1Ithv4Hg
2025-02-07T15:10:11.002+01:00  INFO 20876 --- [ad | producer-1] o.a.k.c.p.internals.TransactionManager   : [Producer clientId=producer-1] ProducerId set to 0 with epoch 0
]]></system-out>
  </testcase>
</testsuite>