<?xml version="1.0" encoding="UTF-8"?>
<testsuite xmlns:xsi="http://www.w3.org/2001/XMLSchema-instance" xsi:noNamespaceSchemaLocation="https://maven.apache.org/surefire/maven-surefire-plugin/xsd/surefire-test-report-3.0.xsd" version="3.0" name="com.example.controller.ClientControllerTest" time="19.712" tests="2" errors="0" skipped="0" failures="0">
  <properties>
[...]
</properties>
  <testcase name="createClient" classname="com.example.controller.ClientControllerTest" time="1.495">
    <system-out><![CDATA[15:09:04.157 [main] INFO org.springframework.test.context.support.AnnotationConfigContextLoaderUtils -- Could not detect default configuration classes for test class [com.example.controller.ClientControllerTest]: ClientControllerTest does not declare any static, non-private, non-final, nested classes annotated with @Configuration.
15:09:05.093 [main] INFO org.springframework.boot.test.context.SpringBootTestContextBootstrapper -- Found @SpringBootConfiguration com.example.ReactiveApplication for test class com.example.controller.ClientControllerTest

  .   ____          _            __ _ _
 /\\ / ___'_ __ _ _(_)_ __  __ _ \ \ \ \
( ( )\___ | '_ | '_| | '_ \/ _` | \ \ \ \
 \\/  ___)| |_)| | | | | || (_| |  ) ) ) )
  '  |____| .__|_| |_|_| |_\__, | / / / /
 =========|_|==============|___/=/_/_/_/
 :: Spring Boot ::                (v3.2.3)

2025-02-07T15:09:08.581+01:00  INFO 20876 --- [           main] c.e.controller.ClientControllerTest      : Starting ClientControllerTest using Java 17.0.12 with PID 20876 (started by user in C:\Users\user\Documents\taoufik_project\reactive\reactive)
2025-02-07T15:09:08.584+01:00  INFO 20876 --- [           main] c.e.controller.ClientControllerTest      : No active profile set, falling back to 1 default profile: "default"
2025-02-07T15:09:21.558+01:00  INFO 20876 --- [           main] c.e.controller.ClientControllerTest      : Started ClientControllerTest in 15.677 seconds (process running for 22.2)
]]></system-out>
  </testcase>
  <testcase name="getAllClients" classname="com.example.controller.ClientControllerTest" time="0.216"/>
</testsuite>